id,filename,fieldid,ra,dec,gizisid,appmag,filtid,parallax,mura,mudec,vrad,teff,logg,feh,d,filtstr,sed,fluxnorm,magnorm,umag,gmag,rmag,imag,zmag,ymag,gal_l,gal_b,ebv
0,easter.2293.13.txt,2293,320.839658,-7.662809,37,23.0,3,50.0,469.8,171.0,-55.0,1000,5.00,0.0,0.020,i,BD1000.dat,1.9056579484e-18,25.8971549814,27.1893915109,25.6809786208,25.1450448839,23.0,19.4948833168,17.9780141582,300.559503077,-37.8986136892,0.0
1,easter.2293.13.txt,2293,320.858324,-7.662805,41,25.0,0,50.0,-97.7,283.7,41.0,35000,9.00,0.0,0.020,u,bergeron_35000_90.dat_39000,2.79299189659e-18,25.4820931688,25.0,25.4083148491,25.8877066386,26.2648049465,26.5557685339,26.7852852458,300.307415976,-37.8573438296,0.0
2,easter.2293.13.txt,2293,320.876991,-7.662801,24,23.0,1,30.0,200.0,100.0,0.0,9999,5.00,0.0,0.033,g,PNastrom.dat,1.01355680255e-17,24.082647126,22.5953263087,23.0,23.4336021319,23.5399536588,23.6014976744,23.1320862964,300.056612436,-37.8118975676,0.0
3,easter.2293.13.txt,2293,320.895658,-7.662796,83,21.0,3,63.0,1500.0,200.0,-20.0,1500,5.00,0.0,0.016,i,BD1500.dat,3.24106856582e-18,25.320546811,28.2079490236,25.597672427,22.6227394485,21.0,19.4473859602,18.7434201237,299.807209584,-37.7623557276,0.0
4,easter.2293.13.txt,2293,320.914324,-7.662789,14,22.0,2,50.0,70.7,70.7,50.0,3750,7.50,0.0,0.020,r,bergeron_3750_75.dat_3950,3.59229634282e-17,22.7088369675,24.3038137514,22.8855182988,22.0,21.5771247892,21.3767567354,21.3128097265,299.559316911,-37.7088008246,0.0
5,easter.2293.13.txt,2293,320.802323,-7.644314,6,23.0,3,545.3,-755.1,9888.0,-111.0,555,4.83,0.0,0.002,i,BD555.dat,1.19010305749e-19,28.9083059306,27.3685787452,28.1599942733,25.3302352676,23.0,19.6294269504,17.0389436142,300.859145998,-39.0161282344,0.0
6,easter.2293.13.txt,2293,320.820989,-7.644312,78,23.0,4,255.3,560.5,-723.1,0.0,325,4.35,0.0,0.004,z,BD325.dat,5.09905929172e-21,32.328542203,30.9778178684,31.8940214046,27.4787155642,25.4526525049,23.0,20.6886937539,300.576640083,-38.9794683161,0.0
7,easter.2293.13.txt,2293,320.839655,-7.644309,93,23.0,2,100.0,150.0,-150.0,0.0,1500,5.00,0.0,0.010,i,BD1000e.dat,1.90384147871e-18,25.8981903967,27.1806658781,25.4303389298,24.1744474507,23.0,19.495918144,17.9790489261,300.295343516,-38.9381849396,0.0
8,easter.2293.13.txt,2293,320.858320,-7.644305,72,25.0,0,40.0,1956.4,-415.4,0.0,35000,9.00,0.0,0.025,u,bergeron_35000_90.dat_39000,2.79299189659e-18,25.4820931688,25.0,25.4083148491,25.8877066386,26.2648049465,26.5557685339,26.7852852458,300.015410793,-38.8923023975,0.0
9,easter.2293.13.txt,2293,320.876986,-7.644301,96,25.3,4,100.0,-98.0,75.0,-13.0,325,4.35,0.0,0.010,z,BD325.dat,6.13041763645e-22,34.628542203,33.2778178684,34.1940214046,29.7787155642,27.7526525049,25.3,22.9886937539,299.736967417,-38.841784125,0.0
10,easter.2293.13.txt,2293,320.895652,-7.644296,42,26.0,0,50.0,97.7,-283.7,42.0,35000,9.00,0.0,0.020,u,bergeron_35000_90.dat_39000,1.11191010133e-18,26.4820931688,26.0,26.4083148491,26.8877066386,27.2648049465,27.5557685339,27.7852852458,299.460150134,-38.7867150332,0.0
11,easter.2293.13.txt,2293,320.914318,-7.644290,26,22.0,2,25.0,30.0,-30.0,0.0,9999,5.00,0.0,0.040,r,RedE2astrom.dat,9.49252577467e-19,26.6538128953,26.9747092564,26.7027454074,22.0,25.8417943054,26.0561573735,25.9161616364,299.185093282,-38.7271237674,0.0
12,easter.2293.13.txt,2293,320.932983,-7.644283,10,20.5,3,10.0,-76.0,-62.0,-23.0,2000,5.00,0.0,0.010,i,BD2000.dat,1.85672405135e-18,25.9253989501,27.9569743869,25.9363702106,22.529087777,20.5,19.1520966389,18.3306095204,298.911943758,-38.6630447662,0.0
13,easter.2293.13.txt,2293,320.951649,-7.644275,3,24.0,3,18.5,-62.7,-22.8,54.0,1800,5.00,0.0,0.054,i,BD1800.dat,1.06768819374e-19,29.0261562569,31.4218065674,29.0293498944,25.5985853028,24.0,22.620064129,21.9100426746,298.64080249,-38.5945041639,0.0
14,easter.2293.13.txt,2293,320.802321,-7.625814,18,23.3,4,0.1,0.0,0.0,27.0,1000,5.00,0.0,10.000,z,BD1000.dat,5.72793758983e-20,29.7022716645,30.994508194,29.4860953039,28.950161567,26.8051166832,23.3,21.7831308414,300.644992804,-40.0631562916,0.0
15,easter.2293.13.txt,2293,320.820986,-7.625812,76,24.0,4,10.0,-14.9,299.6,0.0,2000,5.00,0.0,0.100,z,BD2000.dat,2.13592509692e-20,30.7733023112,32.804877748,30.7842735718,27.3769911381,25.3479033611,24.0,23.1785128815,300.333473041,-40.0227027857,0.0
16,easter.2293.13.txt,2293,320.839651,-7.625809,40,24.0,0,50.0,52.1,295.4,40.0,35000,9.00,0.0,0.020,u,bergeron_35000_90.dat_39000,7.01567844835e-18,24.4820931688,24.0,24.4083148491,24.8877066386,25.2648049465,25.5557685339,25.7852852458,300.023349438,-39.9771469388,0.0
17,easter.2293.13.txt,2293,320.858316,-7.625806,59,19.0,4,16.1,22.4,-105.2,0.0,1800,5.00,0.0,0.062,z,BD1800.dat,2.99550529772e-18,25.4060921279,27.8017424385,25.4092857654,21.9785211738,20.379935871,19.0,18.2899785456,299.714799261,-39.9264581627,0.0
18,easter.2293.13.txt,2293,320.876981,-7.625801,63,24.4,4,10.0,-95.8,8.4,0.0,1000,5.00,0.0,0.100,z,BD1000.dat,2.07968843796e-20,30.8022716645,32.094508194,30.5860953039,30.050161567,27.9051166832,24.4,22.8831308414,299.407949831,-39.8707765021,0.0
19,easter.2293.13.txt,2293,320.895646,-7.625796,17,19.0,4,200.0,39.9,-30.1,26.0,1000,5.00,0.0,0.005,z,BD1000.dat,3.00606437899e-18,25.4022716645,26.694508194,25.1860953039,24.650161567,22.5051166832,19.0,17.4831308414,299.102992228,-39.8100211862,0.0
20,easter.2293.13.txt,2293,320.914311,-7.625790,43,23.3,4,100.0,150.0,-250.0,7.0,325,4.35,0.0,0.010,z,BD325.dat,3.86803203245e-21,32.628542203,31.2778178684,32.1940214046,27.7787155642,25.7526525049,23.3,20.9886937539,298.800064084,-39.7442814426,0.0
21,easter.2293.13.txt,2293,320.932976,-7.625783,7,22.0,3,53.4,-406.0,-331.1,18.7,1500,5.00,0.0,0.019,i,BD1500.dat,1.29029263631e-18,26.320546811,29.2079490236,26.597672427,23.6227394485,22.0,20.4473859602,19.7434201237,298.499316974,-39.6735931819,0.0
22,easter.2293.13.txt,2293,320.951641,-7.625775,77,25.0,4,10.0,-108.5,279.7,0.0,2000,5.00,0.0,0.100,z,BD2000.dat,8.5032709685e-21,31.7733023112,33.804877748,31.7842735718,28.3769911381,26.3479033611,25.0,24.1785128815,298.200899748,-39.5979948283,0.0
23,easter.2293.13.txt,2293,320.783655,-7.607315,20,27.0,2,2.0,20.0,10.0,-32.0,2000,5.00,0.0,0.500,r,BD2000.dat,3.02261249939e-20,30.3963111731,32.4278866098,30.4072824336,27.0,24.970912223,23.6230088619,22.8015217434,300.766974827,-41.1485212885,0.0
24,easter.2293.13.txt,2293,320.802319,-7.607314,64,20.3,4,37.5,543.8,-440.4,-195.0,1800,5.00,-1.0,0.027,z,BD1800.dat,9.04628137733e-19,26.7060921279,29.1017424385,26.7092857654,23.2785211738,21.679935871,20.3,19.5899785456,300.424160592,-41.1097784097,0.0
25,easter.2293.13.txt,2293,320.820984,-7.607312,88,21.0,1,50.0,-200.0,200.0,0.0,9999,5.00,0.0,0.020,g,PNastrom.dat,6.39511108614e-17,22.082647126,20.5953263087,21.0,21.4336021319,21.5399536588,21.6014976744,21.1320862964,300.082745161,-41.06541182,0.0
26,easter.2293.13.txt,2293,320.839648,-7.607309,74,22.0,4,10.0,176.7,242.4,0.0,2000,5.00,0.0,0.100,z,BD2000.dat,1.34767762716e-19,28.7733023112,30.804877748,28.7842735718,25.3769911381,23.3479033611,22.0,21.1785128815,299.7429516,-41.0154524437,0.0
27,easter.2293.13.txt,2293,320.858312,-7.607306,28,21.0,3,63.0,1500.0,200.0,-20.0,1500,5.00,0.0,0.016,i,BD1500.dat,3.24106856582e-18,25.320546811,28.2079490236,25.597672427,22.6227394485,21.0,19.4473859602,18.7434201237,299.404962759,-40.9598715399,0.0
28,easter.2293.13.txt,2293,320.876976,-7.607301,69,22.0,0,40.0,159.4,-1993.6,0.0,35000,9.00,0.0,0.025,u,bergeron_35000_90.dat_39000,4.4265938435e-17,22.4820931688,22.0,22.4083148491,22.8877066386,23.2648049465,23.5557685339,23.7852852458,299.068927837,-40.8988135263,0.0
29,easter.2293.13.txt,2293,320.895641,-7.607296,91,22.0,2,100.0,-150.0,150.0,0.0,1500,5.00,0.0,0.010,r,BD1000e.dat,1.41061911558e-17,23.723742946,25.0062184275,23.2558914792,22.0,20.8255525493,17.3214706933,15.8046014754,298.73504344,-40.8321988612,0.0
30,easter.2293.13.txt,2293,320.914305,-7.607290,49,25.3,4,0.1,0.0,0.0,9.0,1000,5.00,0.0,10.000,z,BD1000.dat,9.07816929297e-21,31.7022716645,32.994508194,31.4860953039,30.950161567,28.8051166832,25.3,23.7831308414,298.403504102,-40.7601291546,0.0
31,easter.2293.13.txt,2293,320.932969,-7.607283,94,23.3,4,100.0,150.0,-250.0,7.0,325,4.35,0.0,0.010,z,BD325.dat,3.86803203245e-21,32.628542203,31.2778178684,32.1940214046,27.7787155642,25.7526525049,23.3,20.9886937539,298.074464422,-40.6826425203,0.0
32,easter.2293.13.txt,2293,320.951633,-7.607275,60,18.6,4,63.6,296.2,-57.6,0.0,1500,5.00,0.0,0.016,z,BD1500.dat,7.07363429023e-18,24.4731608508,27.3605630634,24.7502864668,21.7753534883,20.1526140398,18.6,17.8960341635,297.74809351,-40.5997833869,0.0
33,easter.2293.13.txt,2293,320.970297,-7.607267,32,25.0,3,10.0,100.0,77.0,-58.0,1500,5.00,0.0,0.100,i,BD1500.dat,8.14119615408e-20,29.320546811,32.2079490236,29.597672427,26.6227394485,25.0,23.4473859602,22.7434201237,297.424583212,-40.5115453146,0.0
34,easter.2293.13.txt,2293,320.783654,-7.588815,70,23.0,0,40.0,1763.7,-943.0,0.0,35000,9.00,0.0,0.025,u,bergeron_35000_90.dat_39000,1.76225875023e-17,23.4820931688,23.0,23.4083148491,23.8877066386,24.2648049465,24.5557685339,24.7852852458,300.569996823,-42.1982329882,0.0
35,easter.2293.13.txt,2293,320.802318,-7.588814,2,25.0,1,50.0,845.2,1812.6,111.0,3800,5.00,0.0,0.020,g,m0.0Full.dat,4.67163732377e-18,24.9235945591,27.1536599427,25.0,23.7983523851,23.1977515829,22.90999052,22.7603044418,300.196160049,-42.1559634466,0.0
36,easter.2293.13.txt,2293,320.820981,-7.588812,23,22.0,2,100.0,150.0,150.0,0.0,1500,5.00,0.0,0.010,r,BD1000e.dat,1.41061911558e-17,23.723742946,25.0062184275,23.2558914792,22.0,20.8255525493,17.3214706933,15.8046014754,299.823964556,-42.1075634361,0.0
37,easter.2293.13.txt,2293,320.839645,-7.588809,81,25.0,1,50.0,1528.7,1289.7,0.0,3800,5.00,0.0,0.020,g,m0.0Full.dat,4.67163732377e-18,24.9235945591,27.1536599427,25.0,23.7983523851,23.1977515829,22.90999052,22.7603044418,299.453583386,-42.0530579704,0.0
38,easter.2293.13.txt,2293,320.858308,-7.588806,19,19.0,4,0.1,0.0,0.0,28.0,1000,5.00,0.0,10.000,z,BD1000.dat,3.00606437899e-18,25.4022716645,26.694508194,25.1860953039,24.650161567,22.5051166832,19.0,17.4831308414,299.085283791,-41.9924309804,0.0
39,easter.2293.13.txt,2293,320.876971,-7.588801,35,23.0,3,50.0,174.3,1992.4,-55.0,1000,5.00,0.0,0.020,i,BD1000.dat,1.9056579484e-18,25.8971549814,27.1893915109,25.6809786208,25.1450448839,23.0,19.4948833168,17.9780141582,298.719219187,-41.9258290322,0.0
40,easter.2293.13.txt,2293,320.895635,-7.588796,11,19.0,2,50.0,70.7,-70.7,50.0,3750,7.50,0.0,0.020,r,bergeron_3750_75.dat_3950,5.69340601903e-16,19.7088369675,21.3038137514,19.8855182988,19.0,18.5771247892,18.3767567354,18.3128097265,298.355610183,-41.8531778047,0.0
41,easter.2293.13.txt,2293,320.914298,-7.588790,85,23.0,3,25.1,400.0,-100.0,-55.0,1500,5.00,0.0,0.040,i,BD1500.dat,5.13674750627e-19,27.320546811,30.2079490236,27.597672427,24.6227394485,23.0,21.4473859602,20.7434201237,297.994677622,-41.7745853961,0.0
42,easter.2293.13.txt,2293,320.932962,-7.588783,57,18.0,4,34.9,155.4,-16.3,0.0,1800,5.00,0.0,0.029,z,BD1800.dat,7.52436911286e-18,24.4060921279,26.8017424385,24.4092857654,20.9785211738,19.379935871,18.0,17.2899785456,297.636578253,-41.6900912103,0.0
43,easter.2293.13.txt,2293,320.951625,-7.588775,95,24.3,4,100.0,225.0,132.0,-45.0,325,4.35,0.0,0.010,z,BD325.dat,1.53989128805e-21,33.628542203,32.2778178684,33.1940214046,28.7787155642,26.7526525049,24.3,21.9886937539,297.281541533,-41.5997554798,0.0
44,easter.2293.13.txt,2293,320.970288,-7.588767,38,22.0,0,50.0,52.1,-295.4,38.0,35000,9.00,0.0,0.020,u,bergeron_35000_90.dat_39000,4.4265938435e-17,22.4820931688,22.0,22.4083148491,22.8877066386,23.2648049465,23.5557685339,23.7852852458,296.929761938,-41.5035745781,0.0
45,easter.2293.13.txt,2293,320.783653,-7.570315,34,23.0,3,50.0,-1690.5,-3625.2,55.0,1000,5.00,0.0,0.020,i,BD1000.dat,1.9056579484e-18,25.8971549814,27.1893915109,25.6809786208,25.1450448839,23.0,19.4948833168,17.9780141582,300.366367285,-43.2475966159,0.0
46,easter.2293.13.txt,2293,320.802316,-7.570314,62,23.7,4,10.0,-43.1,-0.1,0.0,1000,5.00,0.0,0.100,z,BD1000.dat,3.96276462414e-20,30.1022716645,31.394508194,29.8860953039,29.350161567,27.2051166832,23.7,22.1831308414,299.960519988,-43.2016848746,0.0
47,easter.2293.13.txt,2293,320.820979,-7.570312,50,21.2,3,9.0,140.0,-242.5,-123.0,1800,5.00,0.0,0.111,i,BD1800.dat,1.40748715608e-18,26.2261562569,28.6218065674,26.2293498944,22.7985853028,21.2,19.820064129,19.1100426746,299.556521632,-43.1491123398,0.0
48,easter.2293.13.txt,2293,320.839641,-7.570309,15,23.0,2,50.0,70.7,-70.7,50.0,3750,7.50,0.0,0.020,r,bergeron_3750_75.dat_3950,1.43011893283e-17,23.7088369675,25.3038137514,23.8855182988,23.0,22.5771247892,22.3767567354,22.3128097265,299.154635899,-43.0899171487,0.0
49,easter.2293.13.txt,2293,320.858304,-7.570306,27,20.0,3,100.0,2110.0,-545.0,-29.0,1500,5.00,0.0,0.010,i,BD1500.dat,8.14119615408e-18,24.320546811,27.2079490236,24.597672427,21.6227394485,20.0,18.4473859602,17.7434201237,298.755076429,-43.0240761655,0.0
50,easter.2293.13.txt,2293,320.876967,-7.570301,33,23.0,3,50.0,-2457.5,1720.7,55.0,1000,5.00,0.0,0.020,i,BD1000.dat,1.9056579484e-18,25.8971549814,27.1893915109,25.6809786208,25.1450448839,23.0,19.4948833168,17.9780141582,298.358064751,-42.951747257,0.0
51,easter.2293.13.txt,2293,320.895629,-7.570296,55,18.7,4,64.1,628.3,88.3,0.0,1800,5.00,0.0,0.016,z,BD1800.dat,3.9488450441e-18,25.1060921279,27.5017424385,25.1092857654,21.6785211738,20.079935871,18.7,17.9899785456,297.963890025,-42.872870828,0.0
52,easter.2293.13.txt,2293,320.914292,-7.570290,99,25.0,1,50.0,-845.2,1812.6,111.0,3800,5.00,0.0,0.020,g,m0.0Full.dat,4.67163732377e-18,24.9235945591,27.1536599427,25.0,23.7983523851,23.1977515829,22.90999052,22.7603044418,297.572717229,-42.7875452342,0.0
53,easter.2293.13.txt,2293,320.932954,-7.570283,4,23.0,3,106.9,270.3,-348.5,9.4,1800,5.00,0.0,0.009,i,BD1000.dat,1.9056579484e-18,25.8971549814,27.1893915109,25.6809786208,25.1450448839,23.0,19.4948833168,17.9780141582,297.184808567,-42.6958345747,0.0
54,easter.2293.13.txt,2293,320.951617,-7.570275,71,24.0,0,40.0,959.6,1754.7,0.0,35000,9.00,0.0,0.025,u,bergeron_35000_90.dat_39000,7.01567844835e-18,24.4820931688,24.0,24.4083148491,24.8877066386,25.2648049465,25.5557685339,25.7852852458,296.800337448,-42.5977876203,0.0
55,easter.2293.13.txt,2293,320.970279,-7.570267,68,25.0,4,50.0,-175.1,-198.0,0.0,555,4.83,0.0,0.020,z,BD555.dat,8.45970757436e-22,34.2788789802,32.7391517949,33.5305673229,30.7008083172,28.3705730496,25.0,22.4095166638,296.419582402,-42.4934237227,0.0
56,easter.2293.13.txt,2293,320.783653,-7.551815,8,21.0,4,50.0,-380.1,-310.0,20.0,1000,5.00,0.0,0.020,z,BD1000.dat,4.76429097036e-19,27.4022716645,28.694508194,27.1860953039,26.650161567,24.5051166832,21.0,19.4831308414,300.155578468,-44.2965842328,0.0
57,easter.2293.13.txt,2293,320.802314,-7.551814,47,24.3,4,0.1,0.0,0.0,29.0,1000,5.00,0.0,10.000,z,BD1000.dat,2.280333027e-20,30.7022716645,31.994508194,30.4860953039,29.950161567,27.8051166832,24.3,22.7831308414,299.716667966,-44.2469065157,0.0
58,easter.2293.13.txt,2293,320.820976,-7.551812,30,23.0,3,25.1,400.0,-100.0,-55.0,1500,5.00,0.0,0.040,i,BD1500.dat,5.13674750627e-19,27.320546811,30.2079490236,27.597672427,24.6227394485,23.0,21.4473859602,20.7434201237,299.27983689,-44.1900207958,0.0
59,easter.2293.13.txt,2293,320.839638,-7.551809,22,22.0,2,100.0,-150.0,150.0,0.0,1500,5.00,0.0,0.010,r,BD1500.dat,5.75153806187e-18,24.6978073625,27.5852095751,24.9749329785,22.0,20.3772605515,18.8246465117,18.1206806752,298.845383479,-44.1259694681,0.0
60,easter.2293.13.txt,2293,320.858300,-7.551806,86,24.0,3,15.8,-210.0,59.0,55.0,1500,5.00,0.0,0.063,i,BD1500.dat,2.04497601557e-19,28.320546811,31.2079490236,28.597672427,25.6227394485,24.0,22.4473859602,21.7434201237,298.413596639,-44.0547415621,0.0
61,easter.2293.13.txt,2293,320.876962,-7.551801,12,20.0,2,50.0,-70.7,70.7,50.0,3750,7.50,0.0,0.020,r,bergeron_3750_75.dat_3950,2.26658576105e-16,20.7088369675,22.3038137514,20.8855182988,20.0,19.5771247892,19.3767567354,19.3128097265,297.984705663,-43.9764981678,0.0
62,easter.2293.13.txt,2293,320.895623,-7.551796,97,27.0,2,2.0,20.0,10.0,-32.0,2000,5.00,0.0,0.500,r,BD2000.dat,3.02261249939e-20,30.3963111731,32.4278866098,30.4072824336,27.0,24.970912223,23.6230088619,22.8015217434,297.559032192,-43.8911870505,0.0
63,easter.2293.13.txt,2293,320.914285,-7.551790,39,23.0,0,50.0,-300.0,-0.0,39.0,35000,9.00,0.0,0.020,u,bergeron_35000_90.dat_39000,1.76225875023e-17,23.4820931688,23.0,23.4083148491,23.8877066386,24.2648049465,24.5557685339,24.7852852458,297.136765535,-43.7989132328,0.0
64,easter.2293.13.txt,2293,320.932947,-7.551783,58,19.3,4,72.7,-472.5,-135.5,0.0,1000,5.00,0.0,0.014,z,BD1000.dat,2.280333027e-18,25.7022716645,26.994508194,25.4860953039,24.950161567,22.8051166832,19.3,17.7831308414,296.718176033,-43.6997439544,0.0
65,easter.2293.13.txt,2293,320.951609,-7.551776,48,25.3,4,30.0,122.9,178.1,8.0,1000,5.00,0.0,0.033,z,BD1000.dat,9.07816929297e-21,31.7022716645,32.994508194,31.4860953039,30.950161567,28.8051166832,25.3,23.7831308414,296.303531821,-43.5936924758,0.0
66,easter.2293.13.txt,2293,320.970270,-7.551767,45,25.3,4,100.0,-98.0,75.0,-13.0,325,4.35,0.0,0.010,z,BD325.dat,6.13041763645e-22,34.628542203,33.2778178684,34.1940214046,29.7787155642,27.7526525049,25.3,22.9886937539,295.893035661,-43.4809441451,0.0
67,easter.2293.13.txt,2293,320.783652,-7.533315,75,23.0,4,10.0,270.7,-129.4,0.0,2000,5.00,0.0,0.100,z,BD2000.dat,5.36520126968e-20,29.7733023112,31.804877748,29.7842735718,26.3769911381,24.3479033611,23.0,22.1785128815,299.937147583,-45.3451727881,0.0
68,easter.2293.13.txt,2293,320.802313,-7.533314,13,21.0,2,50.0,-70.7,-70.7,50.0,3750,7.50,0.0,0.020,r,bergeron_3750_75.dat_3950,9.02344044148e-17,21.7088369675,23.3038137514,21.8855182988,21.0,20.5771247892,20.3767567354,20.3128097265,299.463974777,-45.2915882556,0.0
69,easter.2293.13.txt,2293,320.820974,-7.533312,21,21.0,1,50.0,200.0,-200.0,0.0,9999,5.00,0.0,0.020,g,PNastrom.dat,6.39511108614e-17,22.082647126,20.5953263087,21.0,21.4336021319,21.5399536588,21.6014976744,21.1320862964,298.993189119,-45.2302351211,0.0
70,easter.2293.13.txt,2293,320.839635,-7.533309,79,23.0,4,255.3,1023.1,1560.5,0.0,325,4.35,0.0,0.004,z,BD325.dat,5.09905929172e-21,32.328542203,30.9778178684,31.8940214046,27.4787155642,25.4526525049,23.0,20.6886937539,298.525101314,-45.1611591229,0.0
71,easter.2293.13.txt,2293,320.858296,-7.533306,1,20.0,1,50.0,1284.9,-1120.9,245.5,3800,5.00,0.0,0.020,g,m0.0Full.dat,4.67163732377e-16,19.9235945591,22.1536599427,20.0,18.7983523851,18.1977515829,17.90999052,17.7603044418,298.060035875,-45.0843558322,0.0
72,easter.2293.13.txt,2293,320.876957,-7.533301,84,22.0,3,40.0,-1200.0,-125.0,-10.0,1500,5.00,0.0,0.025,i,BD1500.dat,1.29029263631e-18,26.320546811,29.2079490236,26.597672427,23.6227394485,22.0,20.4473859602,19.7434201237,297.598254517,-44.9999933592,0.0
73,easter.2293.13.txt,2293,320.895618,-7.533296,44,24.3,4,100.0,225.0,132.0,-45.0,325,4.35,0.0,0.010,z,BD325.dat,1.53989128805e-21,33.628542203,32.2778178684,33.1940214046,28.7787155642,26.7526525049,24.3,21.9886937539,297.140089985,-44.908022567,0.0
74,easter.2293.13.txt,2293,320.914279,-7.533290,89,21.0,1,50.0,200.0,200.0,0.0,9999,5.00,0.0,0.020,g,PNastrom.dat,6.39511108614e-17,22.082647126,20.5953263087,21.0,21.4336021319,21.5399536588,21.6014976744,21.1320862964,296.685807541,-44.808565923,0.0
75,easter.2293.13.txt,2293,320.932940,-7.533283,82,20.0,3,100.0,2110.0,-545.0,-29.0,1500,5.00,0.0,0.010,i,BD1500.dat,8.14119615408e-18,24.320546811,27.2079490236,24.597672427,21.6227394485,20.0,18.4473859602,17.7434201237,296.235684169,-44.7016951502,0.0
76,easter.2293.13.txt,2293,320.951601,-7.533276,66,23.0,4,50.0,-175.1,198.0,0.0,555,4.83,0.0,0.020,z,BD555.dat,5.3377146262e-21,32.2788789802,30.7391517949,31.5305673229,28.7008083172,26.3705730496,23.0,20.4095166638,295.790016934,-44.587433032,0.0
77,easter.2293.13.txt,2293,320.970261,-7.533267,29,22.0,3,40.0,-1200.0,-125.0,-10.0,1500,5.00,0.0,0.025,i,BD1500.dat,1.29029263631e-18,26.320546811,29.2079490236,26.597672427,23.6227394485,22.0,20.4473859602,19.7434201237,295.349034793,-44.465975046,0.0
78,easter.2293.13.txt,2293,320.802311,-7.514814,101,17.5,3,50.0,186.4,378.7,20.0,2500,5.00,0.0,0.020,i,m7.0Full.dat,1.27477534484e-16,21.3336832198,23.6140318246,21.2766136215,19.7482341182,17.5,16.443370126,15.7745175248,299.201829544,-46.3356955516,0.0
79,easter.2293.13.txt,2293,320.820971,-7.514812,98,20.0,1,50.0,1284.9,1120.9,245.5,3800,5.00,0.0,0.020,g,m0.0Full.dat,4.67163732377e-16,19.9235945591,22.1536599427,20.0,18.7983523851,18.1977515829,17.90999052,17.7603044418,298.695888964,-46.2697102584,0.0
80,easter.2293.13.txt,2293,320.839631,-7.514809,54,19.4,4,30.1,273.1,38.4,0.0,1500,5.00,0.0,0.033,z,BD1500.dat,3.38565423339e-18,25.2731608508,28.1605630634,25.5502864668,22.5753534883,20.9526140398,19.4,18.6960341635,298.193004631,-46.1954260282,0.0
81,easter.2293.13.txt,2293,320.858292,-7.514806,90,21.0,1,50.0,-200.0,-200.0,0.0,9999,5.00,0.0,0.020,g,PNastrom.dat,6.39511108614e-17,22.082647126,20.5953263087,21.0,21.4336021319,21.5399536588,21.6014976744,21.1320862964,297.69351382,-46.1128411629,0.0
82,easter.2293.13.txt,2293,320.876952,-7.514801,87,25.0,3,10.0,100.0,77.0,-58.0,1500,5.00,0.0,0.100,i,BD1500.dat,8.14119615408e-20,29.320546811,32.2079490236,29.597672427,26.6227394485,25.0,23.4473859602,22.7434201237,297.19776762,-46.0221405698,0.0
83,easter.2293.13.txt,2293,320.895612,-7.514796,52,23.4,3,17.5,51.0,1405.0,-200.0,1000,5.00,0.0,0.057,i,BD1000.dat,1.31839318868e-18,26.2971549814,27.5893915109,26.0809786208,25.5450448839,23.4,19.8948833168,18.3780141582,296.706109051,-45.923279761,0.0
84,easter.2293.13.txt,2293,320.914272,-7.514790,65,24.0,1,20.0,127.0,48.0,0.0,3500,5.00,0.0,0.050,g,m3.0Full.dat,1.08843741492e-17,24.0052587025,26.151297963,24.0,22.6610725741,21.447251235,20.892278584,20.6893594384,296.218836575,-45.8163905079,0.0
85,easter.2293.13.txt,2293,320.932932,-7.514783,56,19.5,4,46.7,742.2,-25.9,0.0,1000,5.00,0.0,0.021,z,BD1000.dat,1.8966983979e-18,25.9022716645,27.194508194,25.6860953039,25.150161567,23.0051166832,19.5,17.9831308414,295.73625932,-45.7015545047,0.0
86,easter.2293.13.txt,2293,320.951592,-7.514776,9,17.5,3,50.0,-186.4,-378.7,20.0,2500,5.00,0.0,0.020,i,m7.0Full.dat,1.27477534484e-16,21.3336832198,23.6140318246,21.2766136215,19.7482341182,17.5,16.443370126,15.7745175248,295.258705625,-45.5788052025,0.0
87,easter.2293.13.txt,2293,320.802309,-7.496314,73,26.0,0,40.0,-1664.5,1108.7,0.0,35000,9.00,0.0,0.025,u,bergeron_35000_90.dat_39000,1.11191010133e-18,26.4820931688,26.0,26.4083148491,26.8877066386,27.2648049465,27.5557685339,27.7852852458,298.929486878,-47.3791811939,0.0
88,easter.2293.13.txt,2293,320.820969,-7.496312,16,23.3,4,200.0,-39.9,30.1,25.0,1000,5.00,0.0,0.005,z,BD1000.dat,5.72793758983e-20,29.7022716645,30.994508194,29.4860953039,28.950161567,26.8051166832,23.3,21.7831308414,298.387077365,-47.3083822073,0.0
89,easter.2293.13.txt,2293,320.839628,-7.496309,92,23.0,2,100.0,-150.0,-150.0,0.0,1500,5.00,0.0,0.010,i,BD1000e.dat,1.90384147871e-18,25.8981903967,27.1806658781,25.4303389298,24.1744474507,23.0,19.495918144,17.9790489261,297.848155155,-47.228691725,0.0
90,easter.2293.13.txt,2293,320.858288,-7.496306,46,24.3,4,50.0,-176.9,233.1,28.0,1000,5.00,0.0,0.020,z,BD1000.dat,2.280333027e-20,30.7022716645,31.994508194,30.4860953039,29.950161567,27.8051166832,24.3,22.7831308414,297.313070169,-47.140112504,0.0
91,easter.2293.13.txt,2293,320.876947,-7.496301,100,23.0,1,50.0,1147.2,-1638.3,0.0,3800,5.00,0.0,0.020,g,m0.0Full.dat,2.94760388018e-17,22.9235945591,25.1536599427,23.0,21.7983523851,21.1977515829,20.90999052,20.7603044418,296.78221693,-47.0428390529,0.0
92,easter.2293.13.txt,2293,320.895606,-7.496296,5,23.0,4,255.3,6560.5,-5723.1,307.0,325,4.35,0.0,0.004,z,BD325.dat,5.09905929172e-21,32.328542203,30.9778178684,31.8940214046,27.4787155642,25.4526525049,23.0,20.6886937539,296.255977324,-46.936836565,0.0
93,easter.2293.13.txt,2293,320.914266,-7.496290,80,20.0,1,50.0,35.6,1999.7,0.0,3800,5.00,0.0,0.020,g,m0.0Full.dat,4.67163732377e-16,19.9235945591,22.1536599427,20.0,18.7983523851,18.1977515829,17.90999052,17.7603044418,295.734658347,-46.8222409015,0.0
94,easter.2293.13.txt,2293,320.932925,-7.496283,53,23.0,1,50.0,1147.2,1638.3,0.0,3800,5.00,0.0,0.020,g,m0.0Full.dat,2.94760388018e-17,22.9235945591,25.1536599427,23.0,21.7983523851,21.1977515829,20.90999052,20.7603044418,295.218659943,-46.6991572849,0.0
95,easter.2293.13.txt,2293,320.951584,-7.496276,36,23.0,3,50.0,965.0,-258.8,55.0,1000,5.00,0.0,0.020,i,BD1000.dat,1.9056579484e-18,25.8971549814,27.1893915109,25.6809786208,25.1450448839,23.0,19.4948833168,17.9780141582,294.708316149,-46.5676251971,0.0
96,easter.2293.13.txt,2293,320.839625,-7.477809,51,21.4,3,17.5,1405.0,-51.0,-200.0,1800,5.00,0.0,0.057,i,BD1800.dat,1.17069682472e-18,26.4261562569,28.8218065674,26.4293498944,22.9985853028,21.4,20.020064129,19.3100426746,297.489607655,-48.2608830148,0.0
97,easter.2293.13.txt,2293,320.858284,-7.477806,67,24.0,4,50.0,175.1,-198.0,0.0,555,4.83,0.0,0.020,z,BD555.dat,2.12498246706e-21,33.2788789802,31.7391517949,32.5305673229,29.7008083172,27.3705730496,24.0,21.4095166638,296.917655283,-48.1660766967,0.0
98,easter.2293.13.txt,2293,320.876942,-7.477801,61,18.1,4,26.2,-145.8,-20.5,0.0,1000,5.00,0.0,0.038,z,BD1000.dat,6.88649564796e-18,24.5022716645,25.794508194,24.2860953039,23.750161567,21.6051166832,18.1,16.5831308414,296.350480417,-48.0619785702,0.0
99,easter.2293.13.txt,2293,320.895601,-7.477796,25,22.0,2,25.0,30.0,-30.0,0.0,9999,5.00,0.0,0.040,r,RedE1astrom.dat,1.26008495333e-18,26.3462677937,26.6678942834,26.3198703233,22.0,25.8967509227,25.7463719933,25.6226917425,295.788477789,-47.9485584375,0.0
100,easter.2293.13.txt,2293,320.914259,-7.477790,31,24.0,3,15.8,-210.0,59.0,55.0,1500,5.00,0.0,0.063,i,BD1500.dat,2.04497601557e-19,28.320546811,31.2079490236,28.597672427,25.6227394485,24.0,22.4473859602,21.7434201237,295.232082139,-47.8259825524,0.0
101,easter.2426.13.txt,2426,1.636386,-4.902014,75,23.0,4,10.0,270.7,-129.4,0.0,2000,5.00,0.0,0.100,z,BD2000.dat,5.36520126968e-20,29.7733023112,31.804877748,29.7842735718,26.3769911381,24.3479033611,23.0,22.1785128815,134.774080467,24.9150664369,0.0
102,easter.2426.13.txt,2426,1.654953,-4.902012,16,23.3,4,200.0,-39.9,30.1,25.0,1000,5.00,0.0,0.005,z,BD1000.dat,5.72793758983e-20,29.7022716645,30.994508194,29.4860953039,28.950161567,26.8051166832,23.3,21.7831308414,134.826742434,25.1098191196,0.0
103,easter.2426.13.txt,2426,1.673521,-4.902009,21,21.0,1,50.0,200.0,-200.0,0.0,9999,5.00,0.0,0.020,g,PNastrom.dat,6.39511108614e-17,22.082647126,20.5953263087,21.0,21.4336021319,21.5399536588,21.6014976744,21.1320862964,134.875576436,25.3054136375,0.0
104,easter.2426.13.txt,2426,1.692089,-4.902006,45,25.3,4,100.0,-98.0,75.0,-13.0,325,4.35,0.0,0.010,z,BD325.dat,6.13041763645e-22,34.628542203,33.2778178684,34.1940214046,29.7787155642,27.7526525049,25.3,22.9886937539,134.920608469,25.501763989,0.0
105,easter.2426.13.txt,2426,1.710657,-4.902002,57,18.0,4,34.9,155.4,-16.3,0.0,1800,5.00,0.0,0.029,z,BD1800.dat,7.52436911286e-18,24.4060921279,26.8017424385,24.4092857654,20.9785211738,19.379935871,18.0,17.2899785456,134.961744336,25.6988184771,0.0
106,easter.2426.13.txt,2426,1.599249,-4.883518,46,24.3,4,50.0,-176.9,233.1,28.0,1000,5.00,0.0,0.020,z,BD1000.dat,2.280333027e-20,30.7022716645,31.994508194,30.4860953039,29.950161567,27.8051166832,24.3,22.7831308414,133.536946772,24.8225366039,0.0
107,easter.2426.13.txt,2426,1.617816,-4.883516,49,25.3,4,0.1,0.0,0.0,9.0,1000,5.00,0.0,10.000,z,BD1000.dat,9.07816929297e-21,31.7022716645,32.994508194,31.4860953039,30.950161567,28.8051166832,25.3,23.7831308414,133.58977551,24.9972434805,0.0
108,easter.2426.13.txt,2426,1.636384,-4.883514,83,21.0,3,63.0,1500.0,200.0,-20.0,1500,5.00,0.0,0.016,i,BD1500.dat,3.24106856582e-18,25.320546811,28.2079490236,25.597672427,22.6227394485,21.0,19.4473859602,18.7434201237,133.639216737,25.1727882666,0.0
109,easter.2426.13.txt,2426,1.654951,-4.883512,70,23.0,0,40.0,1763.7,-943.0,0.0,35000,9.00,0.0,0.025,u,bergeron_35000_90.dat_39000,1.76225875023e-17,23.4820931688,23.0,23.4083148491,23.8877066386,24.2648049465,24.5557685339,24.7852852458,133.685235902,25.3490966256,0.0
110,easter.2426.13.txt,2426,1.673518,-4.883509,23,22.0,2,100.0,150.0,150.0,0.0,1500,5.00,0.0,0.010,r,BD1000e.dat,1.41061911558e-17,23.723742946,25.0062184275,23.2558914792,22.0,20.8255525493,17.3214706933,15.8046014754,133.727745053,25.5261338076,0.0
111,easter.2426.13.txt,2426,1.692086,-4.883506,26,22.0,2,25.0,30.0,-30.0,0.0,9999,5.00,0.0,0.040,r,RedE2astrom.dat,9.49252577467e-19,26.6538128953,26.9747092564,26.7027454074,22.0,25.8417943054,26.0561573735,25.9161616364,133.766779854,25.7038393792,0.0
112,easter.2426.13.txt,2426,1.710653,-4.883502,55,18.7,4,64.1,628.3,88.3,0.0,1800,5.00,0.0,0.016,z,BD1800.dat,3.9488450441e-18,25.1060921279,27.5017424385,25.1092857654,21.6785211738,20.079935871,18.7,17.9899785456,133.80224617,25.8821471202,0.0
113,easter.2426.13.txt,2426,1.729220,-4.883498,84,22.0,3,40.0,-1200.0,-125.0,-10.0,1500,5.00,0.0,0.025,i,BD1500.dat,1.29029263631e-18,26.320546811,29.2079490236,26.597672427,23.6227394485,22.0,20.4473859602,19.7434201237,133.834181992,26.0609977207,0.0
114,easter.2426.13.txt,2426,1.747787,-4.883493,8,21.0,4,50.0,-380.1,-310.0,20.0,1000,5.00,0.0,0.020,z,BD1000.dat,4.76429097036e-19,27.4022716645,28.694508194,27.1860953039,26.650161567,24.5051166832,21.0,19.4831308414,133.862498366,26.2403412256,0.0
115,easter.2426.13.txt,2426,1.599248,-4.865018,89,21.0,1,50.0,200.0,200.0,0.0,9999,5.00,0.0,0.020,g,PNastrom.dat,6.39511108614e-17,22.082647126,20.5953263087,21.0,21.4336021319,21.5399536588,21.6014976744,21.1320862964,132.41105661,25.1084441187,0.0
116,easter.2426.13.txt,2426,1.617815,-4.865016,41,25.0,0,50.0,-97.7,283.7,41.0,35000,9.00,0.0,0.020,u,bergeron_35000_90.dat_39000,2.79299189659e-18,25.4820931688,25.0,25.4083148491,25.8877066386,26.2648049465,26.5557685339,26.7852852458,132.456874851,25.2647746736,0.0
117,easter.2426.13.txt,2426,1.636381,-4.865015,25,22.0,2,25.0,30.0,-30.0,0.0,9999,5.00,0.0,0.040,r,RedE1astrom.dat,1.26008495333e-18,26.3462677937,26.6678942834,26.3198703233,22.0,25.8967509227,25.7463719933,25.6226917425,132.499686636,25.4218032622,0.0
118,easter.2426.13.txt,2426,1.654948,-4.865012,69,22.0,0,40.0,159.4,-1993.6,0.0,35000,9.00,0.0,0.025,u,bergeron_35000_90.dat_39000,4.4265938435e-17,22.4820931688,22.0,22.4083148491,22.8877066386,23.2648049465,23.5557685339,23.7852852458,132.539286486,25.5795362125,0.0
119,easter.2426.13.txt,2426,1.673515,-4.865009,48,25.3,4,30.0,122.9,178.1,8.0,1000,5.00,0.0,0.033,z,BD1000.dat,9.07816929297e-21,31.7022716645,32.994508194,31.4860953039,30.950161567,28.8051166832,25.3,23.7831308414,132.575770555,25.7378859672,0.0
120,easter.2426.13.txt,2426,1.692082,-4.865006,42,26.0,0,50.0,97.7,-283.7,42.0,35000,9.00,0.0,0.020,u,bergeron_35000_90.dat_39000,1.11191010133e-18,26.4820931688,26.0,26.4083148491,26.8877066386,27.2648049465,27.5557685339,27.7852852458,132.609115327,25.8968014928,0.0
121,easter.2426.13.txt,2426,1.710649,-4.865002,88,21.0,1,50.0,-200.0,200.0,0.0,9999,5.00,0.0,0.020,g,PNastrom.dat,6.39511108614e-17,22.082647126,20.5953263087,21.0,21.4336021319,21.5399536588,21.6014976744,21.1320862964,132.639235028,26.0562405559,0.0
122,easter.2426.13.txt,2426,1.729215,-4.864998,81,25.0,1,50.0,1528.7,1289.7,0.0,3800,5.00,0.0,0.020,g,m0.0Full.dat,4.67163732377e-18,24.9235945591,27.1536599427,25.0,23.7983523851,23.1977515829,22.90999052,22.7603044418,132.666168619,26.2161315734,0.0
123,easter.2426.13.txt,2426,1.747782,-4.864993,96,25.3,4,100.0,-98.0,75.0,-13.0,325,4.35,0.0,0.010,z,BD325.dat,6.13041763645e-22,34.628542203,33.2778178684,34.1940214046,29.7787155642,27.7526525049,25.3,22.9886937539,132.689834259,26.3764467729,0.0
124,easter.2426.13.txt,2426,1.580680,-4.846519,6,23.0,3,545.3,-755.1,9888.0,-111.0,555,4.83,0.0,0.002,i,BD555.dat,1.19010305749e-19,28.9083059306,27.3685787452,28.1599942733,25.3302352676,23.0,19.6294269504,17.0389436142,131.238114996,25.2486776081,0.0
125,easter.2426.13.txt,2426,1.599247,-4.846518,58,19.3,4,72.7,-472.5,-135.5,0.0,1000,5.00,0.0,0.014,z,BD1000.dat,2.280333027e-18,25.7022716645,26.994508194,25.4860953039,24.950161567,22.8051166832,19.3,17.7831308414,131.279968452,25.3858134323,0.0
126,easter.2426.13.txt,2426,1.617813,-4.846516,90,21.0,1,50.0,-200.0,-200.0,0.0,9999,5.00,0.0,0.020,g,PNastrom.dat,6.39511108614e-17,22.082647126,20.5953263087,21.0,21.4336021319,21.5399536588,21.6014976744,21.1320862964,131.319050313,25.5236167421,0.0
127,easter.2426.13.txt,2426,1.636379,-4.846515,30,23.0,3,25.1,400.0,-100.0,-55.0,1500,5.00,0.0,0.040,i,BD1500.dat,5.13674750627e-19,27.320546811,30.2079490236,27.597672427,24.6227394485,23.0,21.4473859602,20.7434201237,131.355464376,25.6620218736,0.0
128,easter.2426.13.txt,2426,1.654946,-4.846512,52,23.4,3,17.5,51.0,1405.0,-200.0,1000,5.00,0.0,0.057,i,BD1000.dat,1.31839318868e-18,26.2971549814,27.5893915109,26.0809786208,25.5450448839,23.4,19.8948833168,18.3780141582,131.389005698,25.8010297026,0.0
129,easter.2426.13.txt,2426,1.673512,-4.846509,31,24.0,3,15.8,-210.0,59.0,55.0,1500,5.00,0.0,0.063,i,BD1500.dat,2.04497601557e-19,28.320546811,31.2079490236,28.597672427,25.6227394485,24.0,22.4473859602,21.7434201237,131.419773858,25.9405525518,0.0
130,easter.2426.13.txt,2426,1.692078,-4.846506,65,24.0,1,20.0,127.0,48.0,0.0,3500,5.00,0.0,0.050,g,m3.0Full.dat,1.08843741492e-17,24.0052587025,26.151297963,24.0,22.6610725741,21.447251235,20.892278584,20.6893594384,131.447751364,26.0805523855,0.0
131,easter.2426.13.txt,2426,1.710645,-4.846502,92,23.0,2,100.0,-150.0,-150.0,0.0,1500,5.00,0.0,0.010,i,BD1000e.dat,1.90384147871e-18,25.8981903967,27.1806658781,25.4303389298,24.1744474507,23.0,19.495918144,17.9790489261,131.472857671,26.2209996251,0.0
132,easter.2426.13.txt,2426,1.729211,-4.846498,1,20.0,1,50.0,1284.9,-1120.9,245.5,3800,5.00,0.0,0.020,g,m0.0Full.dat,4.67163732377e-16,19.9235945591,22.1536599427,20.0,18.7983523851,18.1977515829,17.90999052,17.7603044418,131.495134696,26.3618223279,0.0
133,easter.2426.13.txt,2426,1.747777,-4.846493,44,24.3,4,100.0,225.0,132.0,-45.0,325,4.35,0.0,0.010,z,BD325.dat,1.53989128805e-21,33.628542203,32.2778178684,33.1940214046,28.7787155642,26.7526525049,24.3,21.9886937539,131.514503056,26.5029882422,0.0
134,easter.2426.13.txt,2426,1.766343,-4.846488,35,23.0,3,50.0,174.3,1992.4,-55.0,1000,5.00,0.0,0.020,i,BD1000.dat,1.9056579484e-18,25.8971549814,27.1893915109,25.6809786208,25.1450448839,23.0,19.4948833168,17.9780141582,131.531009449,26.6444420522,0.0
135,easter.2426.13.txt,2426,1.580680,-4.828019,39,23.0,0,50.0,-300.0,-0.0,39.0,35000,9.00,0.0,0.020,u,bergeron_35000_90.dat_39000,1.76225875023e-17,23.4820931688,23.0,23.4083148491,23.8877066386,24.2648049465,24.5557685339,24.7852852458,130.108688621,25.5359160753,0.0
136,easter.2426.13.txt,2426,1.599246,-4.828018,86,24.0,3,15.8,-210.0,59.0,55.0,1500,5.00,0.0,0.063,i,BD1500.dat,2.04497601557e-19,28.320546811,31.2079490236,28.597672427,25.6227394485,24.0,22.4473859602,21.7434201237,130.143754267,25.6544971604,0.0
137,easter.2426.13.txt,2426,1.617812,-4.828016,43,23.3,4,100.0,150.0,-250.0,7.0,325,4.35,0.0,0.010,z,BD325.dat,3.86803203245e-21,32.628542203,31.2778178684,32.1940214046,27.7787155642,25.7526525049,23.3,20.9886937539,130.17639347,25.7736459792,0.0
138,easter.2426.13.txt,2426,1.636377,-4.828015,33,23.0,3,50.0,-2457.5,1720.7,55.0,1000,5.00,0.0,0.020,i,BD1000.dat,1.9056579484e-18,25.8971549814,27.1893915109,25.6809786208,25.1450448839,23.0,19.4948833168,17.9780141582,130.206710643,25.8932895598,0.0
139,easter.2426.13.txt,2426,1.654943,-4.828012,95,24.3,4,100.0,225.0,132.0,-45.0,325,4.35,0.0,0.010,z,BD325.dat,1.53989128805e-21,33.628542203,32.2778178684,33.1940214046,28.7787155642,26.7526525049,24.3,21.9886937539,130.234505599,26.0134383269,0.0
140,easter.2426.13.txt,2426,1.673509,-4.828009,2,25.0,1,50.0,845.2,1812.6,111.0,3800,5.00,0.0,0.020,g,m0.0Full.dat,4.67163732377e-18,24.9235945591,27.1536599427,25.0,23.7983523851,23.1977515829,22.90999052,22.7603044418,130.259884292,26.1340197866,0.0
141,easter.2426.13.txt,2426,1.692075,-4.828006,78,23.0,4,255.3,560.5,-723.1,0.0,325,4.35,0.0,0.004,z,BD325.dat,5.09905929172e-21,32.328542203,30.9778178684,31.8940214046,27.4787155642,25.4526525049,23.0,20.6886937539,130.282831225,26.2549941736,0.0
142,easter.2426.13.txt,2426,1.710641,-4.828002,99,25.0,1,50.0,-845.2,1812.6,111.0,3800,5.00,0.0,0.020,g,m0.0Full.dat,4.67163732377e-18,24.9235945591,27.1536599427,25.0,23.7983523851,23.1977515829,22.90999052,22.7603044418,130.30326824,26.3763296221,0.0
143,easter.2426.13.txt,2426,1.729206,-4.827998,76,24.0,4,10.0,-14.9,299.6,0.0,2000,5.00,0.0,0.100,z,BD2000.dat,2.13592509692e-20,30.7733023112,32.804877748,30.7842735718,27.3769911381,25.3479033611,24.0,23.1785128815,130.321243091,26.4979691163,0.0
144,easter.2426.13.txt,2426,1.747772,-4.827993,71,24.0,0,40.0,959.6,1754.7,0.0,35000,9.00,0.0,0.025,u,bergeron_35000_90.dat_39000,7.01567844835e-18,24.4820931688,24.0,24.4083148491,24.8877066386,25.2648049465,25.5557685339,25.7852852458,130.336680553,26.6198913486,0.0
145,easter.2426.13.txt,2426,1.766338,-4.827988,13,21.0,2,50.0,-70.7,-70.7,50.0,3750,7.50,0.0,0.020,r,bergeron_3750_75.dat_3950,9.02344044148e-17,21.7088369675,23.3038137514,21.8855182988,21.0,20.5771247892,20.3767567354,20.3128097265,130.349630169,26.7420409476,0.0
146,easter.2426.13.txt,2426,1.580679,-4.809519,20,27.0,2,2.0,20.0,10.0,-32.0,2000,5.00,0.0,0.500,r,BD2000.dat,3.02261249939e-20,30.3963111731,32.4278866098,30.4072824336,27.0,24.970912223,23.6230088619,22.8015217434,128.973920209,25.8144484292,0.0
147,easter.2426.13.txt,2426,1.599245,-4.809518,47,24.3,4,0.1,0.0,0.0,29.0,1000,5.00,0.0,10.000,z,BD1000.dat,2.280333027e-20,30.7022716645,31.994508194,30.4860953039,29.950161567,27.8051166832,24.3,22.7831308414,129.00249575,25.9143504574,0.0
148,easter.2426.13.txt,2426,1.617810,-4.809516,68,25.0,4,50.0,-175.1,-198.0,0.0,555,4.83,0.0,0.020,z,BD555.dat,8.45970757436e-22,34.2788789802,32.7391517949,33.5305673229,30.7008083172,28.3705730496,25.0,22.4095166638,129.028997184,26.014711863,0.0
149,easter.2426.13.txt,2426,1.636375,-4.809515,7,22.0,3,53.4,-406.0,-331.1,18.7,1500,5.00,0.0,0.019,i,BD1500.dat,1.29029263631e-18,26.320546811,29.2079490236,26.597672427,23.6227394485,22.0,20.4473859602,19.7434201237,129.05353637,26.1154782464,0.0
150,easter.2426.13.txt,2426,1.654941,-4.809512,3,24.0,3,18.5,-62.7,-22.8,54.0,1800,5.00,0.0,0.054,i,BD1800.dat,1.06768819374e-19,29.0261562569,31.4218065674,29.0293498944,25.5985853028,24.0,22.620064129,21.9100426746,129.075914004,26.2166569546,0.0
151,easter.2426.13.txt,2426,1.673506,-4.809509,11,19.0,2,50.0,70.7,-70.7,50.0,3750,7.50,0.0,0.020,r,bergeron_3750_75.dat_3950,5.69340601903e-16,19.7088369675,21.3038137514,19.8855182988,19.0,18.5771247892,18.3767567354,18.3128097265,129.096239468,26.318177897,0.0
152,easter.2426.13.txt,2426,1.692071,-4.809506,101,17.5,3,50.0,186.4,378.7,20.0,2500,5.00,0.0,0.020,i,m7.0Full.dat,1.27477534484e-16,21.3336832198,23.6140318246,21.2766136215,19.7482341182,17.5,16.443370126,15.7745175248,129.114502125,26.4200126961,0.0
153,easter.2426.13.txt,2426,1.710636,-4.809502,82,20.0,3,100.0,2110.0,-545.0,-29.0,1500,5.00,0.0,0.010,i,BD1500.dat,8.14119615408e-18,24.320546811,27.2079490236,24.597672427,21.6227394485,20.0,18.4473859602,17.7434201237,129.130627195,26.5221349747,0.0
154,easter.2426.13.txt,2426,1.729202,-4.809498,67,24.0,4,50.0,175.1,-198.0,0.0,555,4.83,0.0,0.020,z,BD555.dat,2.12498246706e-21,33.2788789802,31.7391517949,32.5305673229,29.7008083172,27.3705730496,24.0,21.4095166638,129.14466773,26.6245063607,0.0
155,easter.2426.13.txt,2426,1.747767,-4.809493,63,24.4,4,10.0,-95.8,8.4,0.0,1000,5.00,0.0,0.100,z,BD1000.dat,2.07968843796e-20,30.8022716645,32.094508194,30.5860953039,30.050161567,27.9051166832,24.4,22.8831308414,129.156548291,26.7270870052,0.0
156,easter.2426.13.txt,2426,1.766332,-4.809488,62,23.7,4,10.0,-43.1,-0.1,0.0,1000,5.00,0.0,0.100,z,BD1000.dat,3.96276462414e-20,30.1022716645,31.394508194,29.8860953039,29.350161567,27.2051166832,23.7,22.1831308414,129.166323797,26.8298402708,0.0
157,easter.2426.13.txt,2426,1.580679,-4.791019,50,21.2,3,9.0,140.0,-242.5,-123.0,1800,5.00,0.0,0.111,i,BD1800.dat,1.40748715608e-18,26.2261562569,28.6218065674,26.2293498944,22.7985853028,21.2,19.820064129,19.1100426746,127.833889606,26.0841361592,0.0
158,easter.2426.13.txt,2426,1.599244,-4.791018,36,23.0,3,50.0,965.0,-258.8,55.0,1000,5.00,0.0,0.020,i,BD1000.dat,1.9056579484e-18,25.8971549814,27.1893915109,25.6809786208,25.1450448839,23.0,19.4948833168,17.9780141582,127.856284393,26.1652312501,0.0
159,easter.2426.13.txt,2426,1.617808,-4.791016,85,23.0,3,25.1,400.0,-100.0,-55.0,1500,5.00,0.0,0.040,i,BD1500.dat,5.13674750627e-19,27.320546811,30.2079490236,27.597672427,24.6227394485,23.0,21.4473859602,20.7434201237,127.876969562,26.2466883354,0.0
160,easter.2426.13.txt,2426,1.636373,-4.791015,72,25.0,0,40.0,1956.4,-415.4,0.0,35000,9.00,0.0,0.025,u,bergeron_35000_90.dat_39000,2.79299189659e-18,25.4820931688,25.0,25.4083148491,25.8877066386,26.2648049465,26.5557685339,26.7852852458,127.896061595,26.328463378,0.0
161,easter.2426.13.txt,2426,1.654938,-4.791012,10,20.5,3,10.0,-76.0,-62.0,-23.0,2000,5.00,0.0,0.010,i,BD2000.dat,1.85672405135e-18,25.9253989501,27.9569743869,25.9363702106,22.529087777,20.5,19.1520966389,18.3306095204,127.913361569,26.4105584127,0.0
162,easter.2426.13.txt,2426,1.673503,-4.791010,51,21.4,3,17.5,1405.0,-51.0,-200.0,1800,5.00,0.0,0.057,i,BD1800.dat,1.17069682472e-18,26.4261562569,28.8218065674,26.4293498944,22.9985853028,21.4,20.020064129,19.3100426746,127.929048304,26.4929121255,0.0
163,easter.2426.13.txt,2426,1.692068,-4.791006,4,23.0,3,106.9,270.3,-348.5,9.4,1800,5.00,0.0,0.009,i,BD1000.dat,1.9056579484e-18,25.8971549814,27.1893915109,25.6809786208,25.1450448839,23.0,19.4948833168,17.9780141582,127.942923571,26.5755244025,0.0
164,easter.2426.13.txt,2426,1.710632,-4.791002,100,23.0,1,50.0,1147.2,-1638.3,0.0,3800,5.00,0.0,0.020,g,m0.0Full.dat,2.94760388018e-17,22.9235945591,25.1536599427,23.0,21.7983523851,21.1977515829,20.90999052,20.7603044418,127.955104545,26.6583424913,0.0
165,easter.2426.13.txt,2426,1.729197,-4.790998,27,20.0,3,100.0,2110.0,-545.0,-29.0,1500,5.00,0.0,0.010,i,BD1500.dat,8.14119615408e-18,24.320546811,27.2079490236,24.597672427,21.6227394485,20.0,18.4473859602,17.7434201237,127.965584993,26.7413473556,0.0
166,easter.2426.13.txt,2426,1.747762,-4.790993,19,19.0,4,0.1,0.0,0.0,28.0,1000,5.00,0.0,10.000,z,BD1000.dat,3.00606437899e-18,25.4022716645,26.694508194,25.1860953039,24.650161567,22.5051166832,19.0,17.4831308414,127.974293188,26.8245114695,0.0
167,easter.2426.13.txt,2426,1.766326,-4.790988,24,23.0,1,30.0,200.0,100.0,0.0,9999,5.00,0.0,0.033,g,PNastrom.dat,1.01355680255e-17,24.082647126,22.5953263087,23.0,23.4336021319,23.5399536588,23.6014976744,23.1320862964,127.981285942,26.9077950512,0.0
168,easter.2426.13.txt,2426,1.580678,-4.772519,80,20.0,1,50.0,35.6,1999.7,0.0,3800,5.00,0.0,0.020,g,m0.0Full.dat,4.67163732377e-16,19.9235945591,22.1536599427,20.0,18.7983523851,18.1977515829,17.90999052,17.7603044418,126.688680382,26.3448219197,0.0
169,easter.2426.13.txt,2426,1.599242,-4.772518,93,23.0,2,100.0,150.0,-150.0,0.0,1500,5.00,0.0,0.010,i,BD1000e.dat,1.90384147871e-18,25.8981903967,27.1806658781,25.4303389298,24.1744474507,23.0,19.495918144,17.9790489261,126.70522067,26.4069971185,0.0
170,easter.2426.13.txt,2426,1.617807,-4.772516,66,23.0,4,50.0,-175.1,198.0,0.0,555,4.83,0.0,0.020,z,BD555.dat,5.3377146262e-21,32.2788789802,30.7391517949,31.5305673229,28.7008083172,26.3705730496,23.0,20.4095166638,126.720426929,26.4694486541,0.0
171,easter.2426.13.txt,2426,1.636371,-4.772515,97,27.0,2,2.0,20.0,10.0,-32.0,2000,5.00,0.0,0.500,r,BD2000.dat,3.02261249939e-20,30.3963111731,32.4278866098,30.4072824336,27.0,24.970912223,23.6230088619,22.8015217434,126.734415375,26.5321241444,0.0
172,easter.2426.13.txt,2426,1.654935,-4.772512,14,22.0,2,50.0,70.7,70.7,50.0,3750,7.50,0.0,0.020,r,bergeron_3750_75.dat_3950,3.59229634282e-17,22.7088369675,24.3038137514,22.8855182988,22.0,21.5771247892,21.3767567354,21.3128097265,126.746991483,26.5950380427,0.0
173,easter.2426.13.txt,2426,1.673500,-4.772510,87,25.0,3,10.0,100.0,77.0,-58.0,1500,5.00,0.0,0.100,i,BD1500.dat,8.14119615408e-20,29.320546811,32.2079490236,29.597672427,26.6227394485,25.0,23.4473859602,22.7434201237,126.758338264,26.658140215,0.0
174,easter.2426.13.txt,2426,1.692064,-4.772506,9,17.5,3,50.0,-186.4,-378.7,20.0,2500,5.00,0.0,0.020,i,m7.0Full.dat,1.27477534484e-16,21.3336832198,23.6140318246,21.2766136215,19.7482341182,17.5,16.443370126,15.7745175248,126.768258555,26.7214285012,0.0
175,easter.2426.13.txt,2426,1.710628,-4.772502,64,20.3,4,37.5,543.8,-440.4,-195.0,1800,5.00,-1.0,0.027,z,BD1800.dat,9.04628137733e-19,26.7060921279,29.1017424385,26.7092857654,23.2785211738,21.679935871,20.3,19.5899785456,126.77687397,26.78486538,0.0
176,easter.2426.13.txt,2426,1.729192,-4.772498,12,20.0,2,50.0,-70.7,70.7,50.0,3750,7.50,0.0,0.020,r,bergeron_3750_75.dat_3950,2.26658576105e-16,20.7088369675,22.3038137514,20.8855182988,20.0,19.5771247892,19.3767567354,19.3128097265,126.784179587,26.8484292864,0.0
177,easter.2426.13.txt,2426,1.747757,-4.772493,40,24.0,0,50.0,52.1,295.4,40.0,35000,9.00,0.0,0.020,u,bergeron_35000_90.dat_39000,7.01567844835e-18,24.4820931688,24.0,24.4083148491,24.8877066386,25.2648049465,25.5557685339,25.7852852458,126.79010715,26.9121064802,0.0
178,easter.2426.13.txt,2426,1.766321,-4.772488,53,23.0,1,50.0,1147.2,1638.3,0.0,3800,5.00,0.0,0.020,g,m0.0Full.dat,2.94760388018e-17,22.9235945591,25.1536599427,23.0,21.7983523851,21.1977515829,20.90999052,20.7603044418,126.794715732,26.9758618104,0.0
179,easter.2426.13.txt,2426,1.599241,-4.754018,34,23.0,3,50.0,-1690.5,-3625.2,55.0,1000,5.00,0.0,0.020,i,BD1000.dat,1.9056579484e-18,25.8971549814,27.1893915109,25.6809786208,25.1450448839,23.0,19.4948833168,17.9780141582,125.549417767,26.6395199874,0.0
180,easter.2426.13.txt,2426,1.617805,-4.754016,98,20.0,1,50.0,1284.9,1120.9,245.5,3800,5.00,0.0,0.020,g,m0.0Full.dat,4.67163732377e-16,19.9235945591,22.1536599427,20.0,18.7983523851,18.1977515829,17.90999052,17.7603044418,125.559492385,26.6828585551,0.0
181,easter.2426.13.txt,2426,1.636369,-4.754015,91,22.0,2,100.0,-150.0,150.0,0.0,1500,5.00,0.0,0.010,r,BD1000e.dat,1.41061911558e-17,23.723742946,25.0062184275,23.2558914792,22.0,20.8255525493,17.3214706933,15.8046014754,125.568735682,26.7263437061,0.0
182,easter.2426.13.txt,2426,1.654933,-4.754012,38,22.0,0,50.0,52.1,-295.4,38.0,35000,9.00,0.0,0.020,u,bergeron_35000_90.dat_39000,4.4265938435e-17,22.4820931688,22.0,22.4083148491,22.8877066386,23.2648049465,23.5557685339,23.7852852458,125.576954259,26.7699913594,0.0
183,easter.2426.13.txt,2426,1.673497,-4.754010,37,23.0,3,50.0,469.8,171.0,-55.0,1000,5.00,0.0,0.020,i,BD1000.dat,1.9056579484e-18,25.8971549814,27.1893915109,25.6809786208,25.1450448839,23.0,19.4948833168,17.9780141582,125.584333704,26.8137559222,0.0
184,easter.2426.13.txt,2426,1.692060,-4.754006,17,19.0,4,200.0,39.9,-30.1,26.0,1000,5.00,0.0,0.005,z,BD1000.dat,3.00606437899e-18,25.4022716645,26.694508194,25.1860953039,24.650161567,22.5051166832,19.0,17.4831308414,125.590679647,26.8576445436,0.0
185,easter.2426.13.txt,2426,1.710624,-4.754003,74,22.0,4,10.0,176.7,242.4,0.0,2000,5.00,0.0,0.100,z,BD2000.dat,1.34767762716e-19,28.7733023112,30.804877748,28.7842735718,25.3769911381,23.3479033611,22.0,21.1785128815,125.596180333,26.9016225084,0.0
186,easter.2426.13.txt,2426,1.729188,-4.753998,61,18.1,4,26.2,-145.8,-20.5,0.0,1000,5.00,0.0,0.038,z,BD1000.dat,6.88649564796e-18,24.5022716645,25.794508194,24.2860953039,23.750161567,21.6051166832,18.1,16.5831308414,125.600640974,26.945690553,0.0
187,easter.2426.13.txt,2426,1.747752,-4.753993,32,25.0,3,10.0,100.0,77.0,-58.0,1500,5.00,0.0,0.100,i,BD1500.dat,8.14119615408e-20,29.320546811,32.2079490236,29.597672427,26.6227394485,25.0,23.4473859602,22.7434201237,125.604186654,26.989819384,0.0
188,easter.2426.13.txt,2426,1.599240,-4.735518,56,19.5,4,46.7,742.2,-25.9,0.0,1000,5.00,0.0,0.021,z,BD1000.dat,1.8966983979e-18,25.9022716645,27.194508194,25.6860953039,25.150161567,23.0051166832,19.5,17.9831308414,124.38899553,26.862663158,0.0
189,easter.2426.13.txt,2426,1.617804,-4.735516,5,23.0,4,255.3,6560.5,-5723.1,307.0,325,4.35,0.0,0.004,z,BD325.dat,5.09905929172e-21,32.328542203,30.9778178684,31.8940214046,27.4787155642,25.4526525049,23.0,20.6886937539,124.394301568,26.8868010948,0.0
190,easter.2426.13.txt,2426,1.636367,-4.735515,54,19.4,4,30.1,273.1,38.4,0.0,1500,5.00,0.0,0.033,z,BD1500.dat,3.38565423339e-18,25.2731608508,28.1605630634,25.5502864668,22.5753534883,20.9526140398,19.4,18.6960341635,124.399169258,26.9110094181,0.0
191,easter.2426.13.txt,2426,1.654930,-4.735512,94,23.3,4,100.0,150.0,-250.0,7.0,325,4.35,0.0,0.010,z,BD325.dat,3.86803203245e-21,32.628542203,31.2778178684,32.1940214046,27.7787155642,25.7526525049,23.3,20.9886937539,124.403407061,26.9353102866,0.0
192,easter.2426.13.txt,2426,1.673494,-4.735510,59,19.0,4,16.1,22.4,-105.2,0.0,1800,5.00,0.0,0.062,z,BD1800.dat,2.99550529772e-18,25.4060921279,27.8017424385,25.4092857654,21.9785211738,20.379935871,19.0,18.2899785456,124.407203431,26.959667515,0.0
193,easter.2426.13.txt,2426,1.692057,-4.735506,60,18.6,4,63.6,296.2,-57.6,0.0,1500,5.00,0.0,0.016,z,BD1500.dat,7.07363429023e-18,24.4731608508,27.3605630634,24.7502864668,21.7753534883,20.1526140398,18.6,17.8960341635,124.41036534,26.9840929834,0.0
194,easter.2426.13.txt,2426,1.710620,-4.735503,28,21.0,3,63.0,1500.0,200.0,-20.0,1500,5.00,0.0,0.016,i,BD1500.dat,3.24106856582e-18,25.320546811,28.2079490236,25.597672427,22.6227394485,21.0,19.4473859602,18.7434201237,124.41308284,27.0085567416,0.0
195,easter.2426.13.txt,2426,1.729183,-4.735498,15,23.0,2,50.0,70.7,-70.7,50.0,3750,7.50,0.0,0.020,r,bergeron_3750_75.dat_3950,1.43011893283e-17,23.7088369675,25.3038137514,23.8855182988,23.0,22.5771247892,22.3767567354,22.3128097265,124.415162831,27.0330669155,0.0
196,easter.2426.13.txt,2426,1.747746,-4.735494,29,22.0,3,40.0,-1200.0,-125.0,-10.0,1500,5.00,0.0,0.025,i,BD1500.dat,1.29029263631e-18,26.320546811,29.2079490236,26.597672427,23.6227394485,22.0,20.4473859602,19.7434201237,124.416796454,27.0575985345,0.0
197,easter.2426.13.txt,2426,1.636365,-4.717015,73,26.0,0,40.0,-1664.5,1108.7,0.0,35000,9.00,0.0,0.025,u,bergeron_35000_90.dat_39000,1.11191010133e-18,26.4820931688,26.0,26.4083148491,26.8877066386,27.2648049465,27.5557685339,27.7852852458,123.225871434,27.0860130518,0.0
198,easter.2426.13.txt,2426,1.654928,-4.717012,77,25.0,4,10.0,-108.5,279.7,0.0,2000,5.00,0.0,0.100,z,BD2000.dat,8.5032709685e-21,31.7733023112,33.804877748,31.7842735718,28.3769911381,26.3479033611,25.0,24.1785128815,123.226516711,27.0909008738,0.0
199,easter.2426.13.txt,2426,1.673491,-4.717010,18,23.3,4,0.1,0.0,0.0,27.0,1000,5.00,0.0,10.000,z,BD1000.dat,5.72793758983e-20,29.7022716645,30.994508194,29.4860953039,28.950161567,26.8051166832,23.3,21.7831308414,123.22712341,27.0957882609,0.0
200,easter.2426.13.txt,2426,1.692053,-4.717006,79,23.0,4,255.3,1023.1,1560.5,0.0,325,4.35,0.0,0.004,z,BD325.dat,5.09905929172e-21,32.328542203,30.9778178684,31.8940214046,27.4787155642,25.4526525049,23.0,20.6886937539,123.227499837,27.1006945244,0.0
201,easter.2426.13.txt,2426,1.710616,-4.717003,22,22.0,2,100.0,-150.0,150.0,0.0,1500,5.00,0.0,0.010,r,BD1500.dat,5.75153806187e-18,24.6978073625,27.5852095751,24.9749329785,22.0,20.3772605515,18.8246465117,18.1206806752,123.227837621,27.1055972139,0.0
202,easter.2886.13.txt,2886,1.682921,4.997714,97,27.0,2,2.0,20.0,10.0,-32.0,2000,5.00,0.0,0.500,r,BD2000.dat,3.02261249939e-20,30.3963111731,32.4278866098,30.4072824336,27.0,24.970912223,23.6230088619,22.8015217434,284.507892449,-27.7506723094,0.0
203,easter.2886.13.txt,2886,1.701491,4.997711,69,22.0,0,40.0,159.4,-1993.6,0.0,35000,9.00,0.0,0.025,u,bergeron_35000_90.dat_39000,4.4265938435e-17,22.4820931688,22.0,22.4083148491,22.8877066386,23.2648049465,23.5557685339,23.7852852458,284.523532435,-27.4515201639,0.0
204,easter.2886.13.txt,2886,1.720062,4.997708,42,26.0,0,50.0,97.7,-283.7,42.0,35000,9.00,0.0,0.020,u,bergeron_35000_90.dat_39000,1.11191010133e-18,26.4820931688,26.0,26.4083148491,26.8877066386,27.2648049465,27.5557685339,27.7852852458,284.545077051,-27.1526465808,0.0
205,easter.2886.13.txt,2886,1.738632,4.997705,75,23.0,4,10.0,270.7,-129.4,0.0,2000,5.00,0.0,0.100,z,BD2000.dat,5.36520126968e-20,29.7733023112,31.804877748,29.7842735718,26.3769911381,24.3479033611,23.0,22.1785128815,284.572470945,-26.8541759468,0.0
206,easter.2886.13.txt,2886,1.757203,4.997701,83,21.0,3,63.0,1500.0,200.0,-20.0,1500,5.00,0.0,0.016,i,BD1500.dat,3.24106856582e-18,25.320546811,28.2079490236,25.597672427,22.6227394485,21.0,19.4473859602,18.7434201237,284.605727335,-26.5561736641,0.0
207,easter.2886.13.txt,2886,1.645781,5.016217,39,23.0,0,50.0,-300.0,-0.0,39.0,35000,9.00,0.0,0.020,u,bergeron_35000_90.dat_39000,1.76225875023e-17,23.4820931688,23.0,23.4083148491,23.8877066386,24.2648049465,24.5557685339,24.7852852458,283.290364238,-28.3427703281,0.0
208,easter.2886.13.txt,2886,1.664352,5.016215,32,25.0,3,10.0,100.0,77.0,-58.0,1500,5.00,0.0,0.100,i,BD1500.dat,8.14119615408e-20,29.320546811,32.2079490236,29.597672427,26.6227394485,25.0,23.4473859602,22.7434201237,283.297773481,-28.024508259,0.0
209,easter.2886.13.txt,2886,1.682923,5.016213,94,23.3,4,100.0,150.0,-250.0,7.0,325,4.35,0.0,0.010,z,BD325.dat,3.86803203245e-21,32.628542203,31.2778178684,32.1940214046,27.7787155642,25.7526525049,23.3,20.9886937539,283.311507592,-27.7064128568,0.0
210,easter.2886.13.txt,2886,1.701494,5.016211,50,21.2,3,9.0,140.0,-242.5,-123.0,1800,5.00,0.0,0.111,i,BD1800.dat,1.40748715608e-18,26.2261562569,28.6218065674,26.2293498944,22.7985853028,21.2,19.820064129,19.1100426746,283.331507677,-27.3885821388,0.0
211,easter.2886.13.txt,2886,1.720065,5.016208,16,23.3,4,200.0,-39.9,30.1,25.0,1000,5.00,0.0,0.005,z,BD1000.dat,5.72793758983e-20,29.7022716645,30.994508194,29.4860953039,28.950161567,26.8051166832,23.3,21.7831308414,283.357778781,-27.0711179079,0.0
212,easter.2886.13.txt,2886,1.738636,5.016205,84,22.0,3,40.0,-1200.0,-125.0,-10.0,1500,5.00,0.0,0.025,i,BD1500.dat,1.29029263631e-18,26.320546811,29.2079490236,26.597672427,23.6227394485,22.0,20.4473859602,19.7434201237,283.390196968,-26.7541137324,0.0
213,easter.2886.13.txt,2886,1.757207,5.016201,58,19.3,4,72.7,-472.5,-135.5,0.0,1000,5.00,0.0,0.014,z,BD1000.dat,2.280333027e-18,25.7022716645,26.994508194,25.4860953039,24.950161567,22.8051166832,19.3,17.7831308414,283.428766382,-26.437671639,0.0
214,easter.2886.13.txt,2886,1.775778,5.016196,27,20.0,3,100.0,2110.0,-545.0,-29.0,1500,5.00,0.0,0.010,i,BD1500.dat,8.14119615408e-18,24.320546811,27.2079490236,24.597672427,21.6227394485,20.0,18.4473859602,17.7434201237,283.473426593,-26.1218890909,0.0
215,easter.2886.13.txt,2886,1.794349,5.016191,100,23.0,1,50.0,1147.2,-1638.3,0.0,3800,5.00,0.0,0.020,g,m0.0Full.dat,2.94760388018e-17,22.9235945591,25.1536599427,23.0,21.7983523851,21.1977515829,20.90999052,20.7603044418,283.524054104,-25.8068540332,0.0
216,easter.2886.13.txt,2886,1.645782,5.034717,5,23.0,4,255.3,6560.5,-5723.1,307.0,325,4.35,0.0,0.004,z,BD325.dat,5.09905929172e-21,32.328542203,30.9778178684,31.8940214046,27.4787155642,25.4526525049,23.0,20.6886937539,282.086273048,-28.3254589318,0.0
217,easter.2886.13.txt,2886,1.664354,5.034715,6,23.0,3,545.3,-755.1,9888.0,-111.0,555,4.83,0.0,0.002,i,BD555.dat,1.19010305749e-19,28.9083059306,27.3685787452,28.1599942733,25.3302352676,23.0,19.6294269504,17.0389436142,282.097894861,-27.9885400763,0.0
218,easter.2886.13.txt,2886,1.682925,5.034713,14,22.0,2,50.0,70.7,70.7,50.0,3750,7.50,0.0,0.020,r,bergeron_3750_75.dat_3950,3.59229634282e-17,22.7088369675,24.3038137514,22.8855182988,22.0,21.5771247892,21.3767567354,21.3128097265,282.116141173,-27.6518721439,0.0
219,easter.2886.13.txt,2886,1.701497,5.034711,63,24.4,4,10.0,-95.8,8.4,0.0,1000,5.00,0.0,0.100,z,BD1000.dat,2.07968843796e-20,30.8022716645,32.094508194,30.5860953039,30.050161567,27.9051166832,24.4,22.8831308414,282.140948277,-27.3155207523,0.0
220,easter.2886.13.txt,2886,1.720068,5.034708,62,23.7,4,10.0,-43.1,-0.1,0.0,1000,5.00,0.0,0.100,z,BD1000.dat,3.96276462414e-20,30.1022716645,31.394508194,29.8860953039,29.350161567,27.2051166832,23.7,22.1831308414,282.172311951,-26.979628232,0.0
221,easter.2886.13.txt,2886,1.738640,5.034705,72,25.0,0,40.0,1956.4,-415.4,0.0,35000,9.00,0.0,0.025,u,bergeron_35000_90.dat_39000,2.79299189659e-18,25.4820931688,25.0,25.4083148491,25.8877066386,26.2648049465,26.5557685339,26.7852852458,282.21010543,-26.6442551188,0.0
222,easter.2886.13.txt,2886,1.757212,5.034701,40,24.0,0,50.0,52.1,295.4,40.0,35000,9.00,0.0,0.020,u,bergeron_35000_90.dat_39000,7.01567844835e-18,24.4820931688,24.0,24.4083148491,24.8877066386,25.2648049465,25.5557685339,25.7852852458,282.254325204,-26.3095256883,0.0
223,easter.2886.13.txt,2886,1.775783,5.034696,66,23.0,4,50.0,-175.1,198.0,0.0,555,4.83,0.0,0.020,z,BD555.dat,5.3377146262e-21,32.2788789802,30.7391517949,31.5305673229,28.7008083172,26.3705730496,23.0,20.4095166638,282.30490215,-25.9755589018,0.0
224,easter.2886.13.txt,2886,1.794354,5.034691,59,19.0,4,16.1,22.4,-105.2,0.0,1800,5.00,0.0,0.062,z,BD1800.dat,2.99550529772e-18,25.4060921279,27.8017424385,25.4092857654,21.9785211738,20.379935871,19.0,18.2899785456,282.361709576,-25.6424276192,0.0
225,easter.2886.13.txt,2886,1.627211,5.053218,47,24.3,4,0.1,0.0,0.0,29.0,1000,5.00,0.0,10.000,z,BD1000.dat,2.280333027e-20,30.7022716645,31.994508194,30.4860953039,29.950161567,27.8051166832,24.3,22.7831308414,280.873503286,-28.6531784645,0.0
226,easter.2886.13.txt,2886,1.645783,5.053217,71,24.0,0,40.0,959.6,1754.7,0.0,35000,9.00,0.0,0.025,u,bergeron_35000_90.dat_39000,7.01567844835e-18,24.4820931688,24.0,24.4083148491,24.8877066386,25.2648049465,25.5557685339,25.7852852458,280.882693648,-28.2975810318,0.0
227,easter.2886.13.txt,2886,1.664355,5.053215,89,21.0,1,50.0,200.0,200.0,0.0,9999,5.00,0.0,0.020,g,PNastrom.dat,6.39511108614e-17,22.082647126,20.5953263087,21.0,21.4336021319,21.5399536588,21.6014976744,21.1320862964,280.89893142,-27.9421817593,0.0
228,easter.2886.13.txt,2886,1.682927,5.053213,53,23.0,1,50.0,1147.2,1638.3,0.0,3800,5.00,0.0,0.020,g,m0.0Full.dat,2.94760388018e-17,22.9235945591,25.1536599427,23.0,21.7983523851,21.1977515829,20.90999052,20.7603044418,280.922078564,-27.5870862904,0.0
229,easter.2886.13.txt,2886,1.701500,5.053211,88,21.0,1,50.0,-200.0,200.0,0.0,9999,5.00,0.0,0.020,g,PNastrom.dat,6.39511108614e-17,22.082647126,20.5953263087,21.0,21.4336021319,21.5399536588,21.6014976744,21.1320862964,280.952064438,-27.2323809076,0.0
230,easter.2886.13.txt,2886,1.720072,5.053208,45,25.3,4,100.0,-98.0,75.0,-13.0,325,4.35,0.0,0.010,z,BD325.dat,6.13041763645e-22,34.628542203,33.2778178684,34.1940214046,29.7787155642,27.7526525049,25.3,22.9886937539,280.988877658,-26.8782138755,0.0
231,easter.2886.13.txt,2886,1.738644,5.053204,98,20.0,1,50.0,1284.9,1120.9,245.5,3800,5.00,0.0,0.020,g,m0.0Full.dat,4.67163732377e-16,19.9235945591,22.1536599427,20.0,18.7983523851,18.1977515829,17.90999052,17.7603044418,281.032446999,-26.5246723059,0.0
232,easter.2886.13.txt,2886,1.757216,5.053200,101,17.5,3,50.0,186.4,378.7,20.0,2500,5.00,0.0,0.020,i,m7.0Full.dat,1.27477534484e-16,21.3336832198,23.6140318246,21.2766136215,19.7482341182,17.5,16.443370126,15.7745175248,281.08263687,-26.1718536879,0.0
233,easter.2886.13.txt,2886,1.775788,5.053196,3,24.0,3,18.5,-62.7,-22.8,54.0,1800,5.00,0.0,0.054,i,BD1800.dat,1.06768819374e-19,29.0261562569,31.4218065674,29.0293498944,25.5985853028,24.0,22.620064129,21.9100426746,281.139376321,-25.8198592809,0.0
234,easter.2886.13.txt,2886,1.794360,5.053191,82,20.0,3,100.0,2110.0,-545.0,-29.0,1500,5.00,0.0,0.010,i,BD1500.dat,8.14119615408e-18,24.320546811,27.2079490236,24.597672427,21.6227394485,20.0,18.4473859602,17.7434201237,281.202657398,-25.468798996,0.0
235,easter.2886.13.txt,2886,1.812932,5.053185,90,21.0,1,50.0,-200.0,-200.0,0.0,9999,5.00,0.0,0.020,g,PNastrom.dat,6.39511108614e-17,22.082647126,20.5953263087,21.0,21.4336021319,21.5399536588,21.6014976744,21.1320862964,281.272408923,-25.1187750365,0.0
236,easter.2886.13.txt,2886,1.627212,5.071718,7,22.0,3,53.4,-406.0,-331.1,18.7,1500,5.00,0.0,0.019,i,BD1500.dat,1.29029263631e-18,26.320546811,29.2079490236,26.597672427,23.6227394485,22.0,20.4473859602,19.7434201237,279.665937034,-28.6331345708,0.0
237,easter.2886.13.txt,2886,1.645784,5.071717,41,25.0,0,50.0,-97.7,283.7,41.0,35000,9.00,0.0,0.020,u,bergeron_35000_90.dat_39000,2.79299189659e-18,25.4820931688,25.0,25.4083148491,25.8877066386,26.2648049465,26.5557685339,26.7852852458,279.679863911,-28.2591544736,0.0
238,easter.2886.13.txt,2886,1.664357,5.071715,9,17.5,3,50.0,-186.4,-378.7,20.0,2500,5.00,0.0,0.020,i,m7.0Full.dat,1.27477534484e-16,21.3336832198,23.6140318246,21.2766136215,19.7482341182,17.5,16.443370126,15.7745175248,279.701113081,-27.8854252968,0.0
239,easter.2886.13.txt,2886,1.682930,5.071713,15,23.0,2,50.0,70.7,-70.7,50.0,3750,7.50,0.0,0.020,r,bergeron_3750_75.dat_3950,1.43011893283e-17,23.7088369675,25.3038137514,23.8855182988,23.0,22.5771247892,22.3767567354,22.3128097265,279.729538927,-27.5120754625,0.0
240,easter.2886.13.txt,2886,1.701502,5.071711,8,21.0,4,50.0,-380.1,-310.0,20.0,1000,5.00,0.0,0.020,z,BD1000.dat,4.76429097036e-19,27.4022716645,28.694508194,27.1860953039,26.650161567,24.5051166832,21.0,19.4831308414,279.7650602,-27.1392335367,0.0
241,easter.2886.13.txt,2886,1.720075,5.071708,25,22.0,2,25.0,30.0,-30.0,0.0,9999,5.00,0.0,0.040,r,RedE1astrom.dat,1.26008495333e-18,26.3462677937,26.6678942834,26.3198703233,22.0,25.8967509227,25.7463719933,25.6226917425,279.807666024,-26.7669730213,0.0
242,easter.2886.13.txt,2886,1.738648,5.071704,1,20.0,1,50.0,1284.9,-1120.9,245.5,3800,5.00,0.0,0.020,g,m0.0Full.dat,4.67163732377e-16,19.9235945591,22.1536599427,20.0,18.7983523851,18.1977515829,17.90999052,17.7603044418,279.857275895,-26.3954231978,0.0
243,easter.2886.13.txt,2886,1.757220,5.071700,46,24.3,4,50.0,-176.9,233.1,28.0,1000,5.00,0.0,0.020,z,BD1000.dat,2.280333027e-20,30.7022716645,31.994508194,30.4860953039,29.950161567,27.8051166832,24.3,22.7831308414,279.913745342,-26.0247038939,0.0
244,easter.2886.13.txt,2886,1.775793,5.071696,55,18.7,4,64.1,628.3,88.3,0.0,1800,5.00,0.0,0.016,z,BD1800.dat,3.9488450441e-18,25.1060921279,27.5017424385,25.1092857654,21.6785211738,20.079935871,18.7,17.9899785456,279.977003991,-25.6548793253,0.0
245,easter.2886.13.txt,2886,1.794365,5.071691,2,25.0,1,50.0,845.2,1812.6,111.0,3800,5.00,0.0,0.020,g,m0.0Full.dat,4.67163732377e-18,24.9235945591,27.1536599427,25.0,23.7983523851,23.1977515829,22.90999052,22.7603044418,280.047031724,-25.2861025455,0.0
246,easter.2886.13.txt,2886,1.812938,5.071685,38,22.0,0,50.0,52.1,-295.4,38.0,35000,9.00,0.0,0.020,u,bergeron_35000_90.dat_39000,4.4265938435e-17,22.4820931688,22.0,22.4083148491,22.8877066386,23.2648049465,23.5557685339,23.7852852458,280.123759909,-24.9184387992,0.0
247,easter.2886.13.txt,2886,1.627212,5.090218,18,23.3,4,0.1,0.0,0.0,27.0,1000,5.00,0.0,10.000,z,BD1000.dat,5.72793758983e-20,29.7022716645,30.994508194,29.4860953039,28.950161567,26.8051166832,23.3,21.7831308414,278.458954254,-28.602410388,0.0
248,easter.2886.13.txt,2886,1.645785,5.090217,54,19.4,4,30.1,273.1,38.4,0.0,1500,5.00,0.0,0.033,z,BD1500.dat,3.38565423339e-18,25.2731608508,28.1605630634,25.5502864668,22.5753534883,20.9526140398,19.4,18.6960341635,278.478019795,-28.2102038046,0.0
249,easter.2886.13.txt,2886,1.664359,5.090215,19,19.0,4,0.1,0.0,0.0,28.0,1000,5.00,0.0,10.000,z,BD1000.dat,3.00606437899e-18,25.4022716645,26.694508194,25.1860953039,24.650161567,22.5051166832,19.0,17.4831308414,278.504664266,-27.8183245283,0.0
250,easter.2886.13.txt,2886,1.682932,5.090213,93,23.0,2,100.0,150.0,-150.0,0.0,1500,5.00,0.0,0.010,i,BD1000e.dat,1.90384147871e-18,25.8981903967,27.1806658781,25.4303389298,24.1744474507,23.0,19.495918144,17.9790489261,278.538732842,-27.4269252814,0.0
251,easter.2886.13.txt,2886,1.701505,5.090211,79,23.0,4,255.3,1023.1,1560.5,0.0,325,4.35,0.0,0.004,z,BD325.dat,5.09905929172e-21,32.328542203,30.9778178684,31.8940214046,27.4787155642,25.4526525049,23.0,20.6886937539,278.580141021,-27.0360962064,0.0
252,easter.2886.13.txt,2886,1.720078,5.090208,67,24.0,4,50.0,175.1,-198.0,0.0,555,4.83,0.0,0.020,z,BD555.dat,2.12498246706e-21,33.2788789802,31.7391517949,32.5305673229,29.7008083172,27.3705730496,24.0,21.4095166638,278.628867753,-26.6459541717,0.0
253,easter.2886.13.txt,2886,1.738651,5.090204,31,24.0,3,15.8,-210.0,59.0,55.0,1500,5.00,0.0,0.063,i,BD1500.dat,2.04497601557e-19,28.320546811,31.2079490236,28.597672427,25.6227394485,24.0,22.4473859602,21.7434201237,278.684828314,-26.2566109617,0.0
254,easter.2886.13.txt,2886,1.757225,5.090200,96,25.3,4,100.0,-98.0,75.0,-13.0,325,4.35,0.0,0.010,z,BD325.dat,6.13041763645e-22,34.628542203,33.2778178684,34.1940214046,29.7787155642,27.7526525049,25.3,22.9886937539,278.747879584,-25.8681476118,0.0
255,easter.2886.13.txt,2886,1.775798,5.090196,78,23.0,4,255.3,560.5,-723.1,0.0,325,4.35,0.0,0.004,z,BD325.dat,5.09905929172e-21,32.328542203,30.9778178684,31.8940214046,27.4787155642,25.4526525049,23.0,20.6886937539,278.817933127,-25.4807126344,0.0
256,easter.2886.13.txt,2886,1.794371,5.090191,70,23.0,0,40.0,1763.7,-943.0,0.0,35000,9.00,0.0,0.025,u,bergeron_35000_90.dat_39000,1.76225875023e-17,23.4820931688,23.0,23.4083148491,23.8877066386,24.2648049465,24.5557685339,24.7852852458,278.894973669,-25.0944012992,0.0
257,easter.2886.13.txt,2886,1.812944,5.090185,12,20.0,2,50.0,-70.7,70.7,50.0,3750,7.50,0.0,0.020,r,bergeron_3750_75.dat_3950,2.26658576105e-16,20.7088369675,22.3038137514,20.8855182988,20.0,19.5771247892,19.3767567354,19.3128097265,278.978920391,-24.7093209971,0.0
258,easter.2886.13.txt,2886,1.627213,5.108717,68,25.0,4,50.0,-175.1,-198.0,0.0,555,4.83,0.0,0.020,z,BD555.dat,8.45970757436e-22,34.2788789802,32.7391517949,33.5305673229,30.7008083172,28.3705730496,25.0,22.4095166638,277.252865915,-28.5609870804,0.0
259,easter.2886.13.txt,2886,1.645786,5.108717,65,24.0,1,20.0,127.0,48.0,0.0,3500,5.00,0.0,0.050,g,m3.0Full.dat,1.08843741492e-17,24.0052587025,26.151297963,24.0,22.6610725741,21.447251235,20.892278584,20.6893594384,277.27739475,-28.1507602133,0.0
260,easter.2886.13.txt,2886,1.664360,5.108715,28,21.0,3,63.0,1500.0,200.0,-20.0,1500,5.00,0.0,0.016,i,BD1500.dat,3.24106856582e-18,25.320546811,28.2079490236,25.597672427,22.6227394485,21.0,19.4473859602,18.7434201237,277.309804829,-27.7409435633,0.0
261,easter.2886.13.txt,2886,1.682934,5.108713,64,20.3,4,37.5,543.8,-440.4,-195.0,1800,5.00,-1.0,0.027,z,BD1800.dat,9.04628137733e-19,26.7060921279,29.1017424385,26.7092857654,23.2785211738,21.679935871,20.3,19.5899785456,277.349871186,-27.3316690956,0.0
262,easter.2886.13.txt,2886,1.701508,5.108711,23,22.0,2,100.0,150.0,150.0,0.0,1500,5.00,0.0,0.010,r,BD1000e.dat,1.41061911558e-17,23.723742946,25.0062184275,23.2558914792,22.0,20.8255525493,17.3214706933,15.8046014754,277.397501713,-26.9230504512,0.0
263,easter.2886.13.txt,2886,1.720081,5.108708,22,22.0,2,100.0,-150.0,150.0,0.0,1500,5.00,0.0,0.010,r,BD1500.dat,5.75153806187e-18,24.6978073625,27.5852095751,24.9749329785,22.0,20.3772605515,18.8246465117,18.1206806752,277.45266605,-26.5152292913,0.0
264,easter.2886.13.txt,2886,1.738655,5.108704,30,23.0,3,25.1,400.0,-100.0,-55.0,1500,5.00,0.0,0.040,i,BD1500.dat,5.13674750627e-19,27.320546811,30.2079490236,27.597672427,24.6227394485,23.0,21.4473859602,20.7434201237,277.515279711,-26.1082757293,0.0
265,easter.2886.13.txt,2886,1.757229,5.108700,21,21.0,1,50.0,200.0,-200.0,0.0,9999,5.00,0.0,0.020,g,PNastrom.dat,6.39511108614e-17,22.082647126,20.5953263087,21.0,21.4336021319,21.5399536588,21.6014976744,21.1320862964,277.585188085,-25.7023153811,0.0
266,easter.2886.13.txt,2886,1.775802,5.108696,11,19.0,2,50.0,70.7,-70.7,50.0,3750,7.50,0.0,0.020,r,bergeron_3750_75.dat_3950,5.69340601903e-16,19.7088369675,21.3038137514,19.8855182988,19.0,18.5771247892,18.3767567354,18.3128097265,277.662300221,-25.2974788974,0.0
267,easter.2886.13.txt,2886,1.794376,5.108691,26,22.0,2,25.0,30.0,-30.0,0.0,9999,5.00,0.0,0.040,r,RedE2astrom.dat,9.49252577467e-19,26.6538128953,26.9747092564,26.7027454074,22.0,25.8417943054,26.0561573735,25.9161616364,277.746601101,-24.8938415415,0.0
268,easter.2886.13.txt,2886,1.812950,5.108685,91,22.0,2,100.0,-150.0,150.0,0.0,1500,5.00,0.0,0.010,r,BD1000e.dat,1.41061911558e-17,23.723742946,25.0062184275,23.2558914792,22.0,20.8255525493,17.3214706933,15.8046014754,277.838001603,-24.4915346534,0.0
269,easter.2886.13.txt,2886,1.627213,5.127217,48,25.3,4,30.0,122.9,178.1,8.0,1000,5.00,0.0,0.033,z,BD1000.dat,9.07816929297e-21,31.7022716645,32.994508194,31.4860953039,30.950161567,28.8051166832,25.3,23.7831308414,276.047781951,-28.5089301435,0.0
270,easter.2886.13.txt,2886,1.645788,5.127217,37,23.0,3,50.0,469.8,171.0,-55.0,1000,5.00,0.0,0.020,i,BD1000.dat,1.9056579484e-18,25.8971549814,27.1893915109,25.6809786208,25.1450448839,23.0,19.4948833168,17.9780141582,276.078220994,-28.0808384194,0.0
271,easter.2886.13.txt,2886,1.664362,5.127215,36,23.0,3,50.0,965.0,-258.8,55.0,1000,5.00,0.0,0.020,i,BD1000.dat,1.9056579484e-18,25.8971549814,27.1893915109,25.6809786208,25.1450448839,23.0,19.4948833168,17.9780141582,276.116756174,-27.6532875661,0.0
272,easter.2886.13.txt,2886,1.682936,5.127213,60,18.6,4,63.6,296.2,-57.6,0.0,1500,5.00,0.0,0.016,z,BD1500.dat,7.07363429023e-18,24.4731608508,27.3605630634,24.7502864668,21.7753534883,20.1526140398,18.6,17.8960341635,276.16315869,-27.2263652911,0.0
273,easter.2886.13.txt,2886,1.701510,5.127211,92,23.0,2,100.0,-150.0,-150.0,0.0,1500,5.00,0.0,0.010,i,BD1000e.dat,1.90384147871e-18,25.8981903967,27.1806658781,25.4303389298,24.1744474507,23.0,19.495918144,17.9790489261,276.217330348,-26.800187231,0.0
274,easter.2886.13.txt,2886,1.720085,5.127208,56,19.5,4,46.7,742.2,-25.9,0.0,1000,5.00,0.0,0.021,z,BD1000.dat,1.8966983979e-18,25.9022716645,27.194508194,25.6860953039,25.150161567,23.0051166832,19.5,17.9831308414,276.279241636,-26.3748527048,0.0
275,easter.2886.13.txt,2886,1.738659,5.127204,49,25.3,4,0.1,0.0,0.0,9.0,1000,5.00,0.0,10.000,z,BD1000.dat,9.07816929297e-21,31.7022716645,32.994508194,31.4860953039,30.950161567,28.8051166832,25.3,23.7831308414,276.348790141,-25.9505234301,0.0
276,easter.2886.13.txt,2886,1.757233,5.127200,35,23.0,3,50.0,174.3,1992.4,-55.0,1000,5.00,0.0,0.020,i,BD1000.dat,1.9056579484e-18,25.8971549814,27.1893915109,25.6809786208,25.1450448839,23.0,19.4948833168,17.9780141582,276.425822335,-25.5272814695,0.0
277,easter.2886.13.txt,2886,1.775807,5.127196,13,21.0,2,50.0,-70.7,-70.7,50.0,3750,7.50,0.0,0.020,r,bergeron_3750_75.dat_3950,9.02344044148e-17,21.7088369675,23.3038137514,21.8855182988,21.0,20.5771247892,20.3767567354,20.3128097265,276.510247013,-25.1052375615,0.0
278,easter.2886.13.txt,2886,1.794381,5.127190,17,19.0,4,200.0,39.9,-30.1,26.0,1000,5.00,0.0,0.005,z,BD1000.dat,3.00606437899e-18,25.4022716645,26.694508194,25.1860953039,24.650161567,22.5051166832,19.0,17.4831308414,276.602098185,-24.6845244236,0.0
279,easter.2886.13.txt,2886,1.812956,5.127185,57,18.0,4,34.9,155.4,-16.3,0.0,1800,5.00,0.0,0.029,z,BD1800.dat,7.52436911286e-18,24.4060921279,26.8017424385,24.4092857654,20.9785211738,19.379935871,18.0,17.2899785456,276.701106923,-24.2651961837,0.0
280,easter.2886.13.txt,2886,1.645789,5.145717,99,25.0,1,50.0,-845.2,1812.6,111.0,3800,5.00,0.0,0.020,g,m0.0Full.dat,4.67163732377e-18,24.9235945591,27.1536599427,25.0,23.7983523851,23.1977515829,22.90999052,22.7603044418,274.880721871,-28.0005277731,0.0
281,easter.2886.13.txt,2886,1.664364,5.145715,73,26.0,0,40.0,-1664.5,1108.7,0.0,35000,9.00,0.0,0.025,u,bergeron_35000_90.dat_39000,1.11191010133e-18,26.4820931688,26.0,26.4083148491,26.8877066386,27.2648049465,27.5557685339,27.7852852458,274.925730061,-27.5554320795,0.0
282,easter.2886.13.txt,2886,1.682938,5.145713,34,23.0,3,50.0,-1690.5,-3625.2,55.0,1000,5.00,0.0,0.020,i,BD1000.dat,1.9056579484e-18,25.8971549814,27.1893915109,25.6809786208,25.1450448839,23.0,19.4948833168,17.9780141582,274.978794906,-27.1110780487,0.0
283,easter.2886.13.txt,2886,1.701513,5.145711,33,23.0,3,50.0,-2457.5,1720.7,55.0,1000,5.00,0.0,0.020,i,BD1000.dat,1.9056579484e-18,25.8971549814,27.1893915109,25.6809786208,25.1450448839,23.0,19.4948833168,17.9780141582,275.039818167,-26.6675351047,0.0
284,easter.2886.13.txt,2886,1.720088,5.145708,10,20.5,3,10.0,-76.0,-62.0,-23.0,2000,5.00,0.0,0.010,i,BD2000.dat,1.85672405135e-18,25.9253989501,27.9569743869,25.9363702106,22.529087777,20.5,19.1520966389,18.3306095204,275.108758673,-26.2249515062,0.0
285,easter.2886.13.txt,2886,1.738663,5.145704,20,27.0,2,2.0,20.0,10.0,-32.0,2000,5.00,0.0,0.500,r,BD2000.dat,3.02261249939e-20,30.3963111731,32.4278866098,30.4072824336,27.0,24.970912223,23.6230088619,22.8015217434,275.185515681,-25.7834447102,0.0
286,easter.2886.13.txt,2886,1.757238,5.145700,51,21.4,3,17.5,1405.0,-51.0,-200.0,1800,5.00,0.0,0.057,i,BD1800.dat,1.17069682472e-18,26.4261562569,28.8218065674,26.4293498944,22.9985853028,21.4,20.020064129,19.3100426746,275.269928143,-25.3431207362,0.0
287,easter.2886.13.txt,2886,1.775812,5.145695,86,24.0,3,15.8,-210.0,59.0,55.0,1500,5.00,0.0,0.063,i,BD1500.dat,2.04497601557e-19,28.320546811,31.2079490236,28.597672427,25.6227394485,24.0,22.4473859602,21.7434201237,275.361957495,-24.9041265717,0.0
288,easter.2886.13.txt,2886,1.794387,5.145690,4,23.0,3,106.9,270.3,-348.5,9.4,1800,5.00,0.0,0.009,i,BD1000.dat,1.9056579484e-18,25.8971549814,27.1893915109,25.6809786208,25.1450448839,23.0,19.4948833168,17.9780141582,275.461457436,-24.46651681,0.0
289,easter.2886.13.txt,2886,1.645790,5.164217,77,25.0,4,10.0,-108.5,279.7,0.0,2000,5.00,0.0,0.100,z,BD2000.dat,8.5032709685e-21,31.7733023112,33.804877748,31.7842735718,28.3769911381,26.3479033611,25.0,24.1785128815,273.685121423,-27.9098567932,0.0
290,easter.2886.13.txt,2886,1.664365,5.164215,61,18.1,4,26.2,-145.8,-20.5,0.0,1000,5.00,0.0,0.038,z,BD1000.dat,6.88649564796e-18,24.5022716645,25.794508194,24.2860953039,23.750161567,21.6051166832,18.1,16.5831308414,273.736931924,-27.4474624481,0.0
291,easter.2886.13.txt,2886,1.682941,5.164213,87,25.0,3,10.0,100.0,77.0,-58.0,1500,5.00,0.0,0.100,i,BD1500.dat,8.14119615408e-20,29.320546811,32.2079490236,29.597672427,26.6227394485,25.0,23.4473859602,22.7434201237,273.796977222,-26.9858523737,0.0
292,easter.2886.13.txt,2886,1.701516,5.164211,74,22.0,4,10.0,176.7,242.4,0.0,2000,5.00,0.0,0.100,z,BD2000.dat,1.34767762716e-19,28.7733023112,30.804877748,28.7842735718,25.3769911381,23.3479033611,22.0,21.1785128815,273.865141608,-26.5251948081,0.0
293,easter.2886.13.txt,2886,1.720091,5.164208,52,23.4,3,17.5,51.0,1405.0,-200.0,1000,5.00,0.0,0.057,i,BD1000.dat,1.31839318868e-18,26.2971549814,27.5893915109,26.0809786208,25.5450448839,23.4,19.8948833168,18.3780141582,273.941384489,-26.0655909336,0.0
294,easter.2886.13.txt,2886,1.738667,5.164204,85,23.0,3,25.1,400.0,-100.0,-55.0,1500,5.00,0.0,0.040,i,BD1500.dat,5.13674750627e-19,27.320546811,30.2079490236,27.597672427,24.6227394485,23.0,21.4473859602,20.7434201237,274.025605335,-25.6071347382,0.0
295,easter.2886.13.txt,2886,1.757242,5.164200,76,24.0,4,10.0,-14.9,299.6,0.0,2000,5.00,0.0,0.100,z,BD2000.dat,2.13592509692e-20,30.7733023112,32.804877748,30.7842735718,27.3769911381,25.3479033611,24.0,23.1785128815,274.117630125,-25.1499822976,0.0
296,easter.2886.13.txt,2886,1.775817,5.164195,44,24.3,4,100.0,225.0,132.0,-45.0,325,4.35,0.0,0.010,z,BD325.dat,1.53989128805e-21,33.628542203,32.2778178684,33.1940214046,28.7787155642,26.7526525049,24.3,21.9886937539,274.217425819,-24.6942339613,0.0
297,easter.2886.13.txt,2886,1.794392,5.164190,29,22.0,3,40.0,-1200.0,-125.0,-10.0,1500,5.00,0.0,0.025,i,BD1500.dat,1.29029263631e-18,26.320546811,29.2079490236,26.597672427,23.6227394485,22.0,20.4473859602,19.7434201237,274.324833057,-24.2399923159,0.0
298,easter.2886.13.txt,2886,1.682943,5.182713,80,20.0,1,50.0,35.6,1999.7,0.0,3800,5.00,0.0,0.020,g,m0.0Full.dat,4.67163732377e-16,19.9235945591,22.1536599427,20.0,18.7983523851,18.1977515829,17.90999052,17.7603044418,272.617887076,-26.850812337,0.0
299,easter.2886.13.txt,2886,1.701519,5.182711,95,24.3,4,100.0,225.0,132.0,-45.0,325,4.35,0.0,0.010,z,BD325.dat,1.53989128805e-21,33.628542203,32.2778178684,33.1940214046,28.7787155642,26.7526525049,24.3,21.9886937539,272.693473343,-26.3732502098,0.0
300,easter.2886.13.txt,2886,1.720095,5.182708,81,25.0,1,50.0,1528.7,1289.7,0.0,3800,5.00,0.0,0.020,g,m0.0Full.dat,4.67163732377e-18,24.9235945591,27.1536599427,25.0,23.7983523851,23.1977515829,22.90999052,22.7603044418,272.777281018,-25.8968372716,0.0
301,easter.2886.13.txt,2886,1.738670,5.182704,24,23.0,1,30.0,200.0,100.0,0.0,9999,5.00,0.0,0.033,g,PNastrom.dat,1.01355680255e-17,24.082647126,22.5953263087,23.0,23.4336021319,23.5399536588,23.6014976744,23.1320862964,272.869195655,-25.4217185656,0.0
302,easter.2886.13.txt,2886,1.757246,5.182700,43,23.3,4,100.0,150.0,-250.0,7.0,325,4.35,0.0,0.010,z,BD325.dat,3.86803203245e-21,32.628542203,31.2778178684,32.1940214046,27.7787155642,25.7526525049,23.3,20.9886937539,272.969058717,-24.9479500201,0.0
