 88533588
 88533589
 88533591
 88533623
 88544861
 88544863
 88544866
 88544919
 88544931
 88544933
 88544935
 88544963
 88544965
 88545025
 88545027
 88545031
 88545033
 88545064
 88545066
 88545068
 88545070
 88545072
 88545100
 88545101
 88545246
 88545247
 88559463
 88559465
 88559469
 88559470
 88559472
 88559579
 88559581
 88559585
 88559587
 88559589
 88559606
 88559607
 88572280
 88572282
 88572404
 88572405
 88579479
 88605397
 88605398
 88623610
 88623773
 88623804
 88623806
 88625721
 88625722
 88625744
 88625768
 88625770
 88625772
 88625828
 88625873
 88625874
 88625875
 88626437
 88626439
 88629417
 88629474
 88629482
 88629483
 88629485
 88646884
 88646885
 88646895
 88646905
 88646908
 88646910
 88646916
 88646944
 88646953
 88646954
 88646958
 88646960
 88646961
 88646972
 88646994
 88646998
 88647019
 88647053
 88647057
 88647120
 88647215
 88647217
 88647222
 88647224
 88647318
 88647319
 88647321
 88647322
 88660306
 88660307
 88660308
 88660368
 88660369
 88673258
 88673260
 88673297
 88673299
 88673403
 88673405
 88673409
 88673432
 88673434
 88673522
 88673542
 88673547
 88673551
 88673553
 88673588
 88673590
 88673594
 88673618
 88673626
 88673630
 88673685
 88673687
 88673708
 88673710
 88673729
 88673816
 88674530
 88674531
 88674534
 88685922
 88686041
 88686165
 88686173
 88686204
 88686205
 88686265
 88686290
 88686291
 88686293
 88687053
 88687061
 88687065
 88689192
 88689194
 88689323
 88689327
 88689370
 88689378
 88689380
 88689404
 88689412
 88689414
 88689461
 88689468
 88689479
 88689486
 88689496
 88689519
 88689553
 88689555
 88689675
 88689693
 88691368
 88691372
 88691374
 88691376
 88691517
 88691519
 88691520
 88691521
 88691726
 88691754
 88691756
 88691821
 88691823
 88691877
 88694674
 88694709
 88694711
 88694775
 88694781
 88694783
 88694785
 88694801
 88694805
 88699868
 88699992
 88700002
 88700005
 88700046
 88700112
 88700113
 88700118
 88700120
 88700142
 88700277
 88700278
 88702905
 88702907
 88702909
 88702910
 88702936
 88702996
 88702998
 88703015
 88703017
 88703019
 88703049
 88703052
 88703054
 88703056
 88703060
 88703061
 88703121
 88703203
 88703205
 88703207
 88703209
 88703213
 88713579
 88713585
 88713591
 88713592
 88713593
 88713607
 88713608
 88713609
 88723845
 88723848
 88723850
 88723861
 88723866
 88723870
 88723872
 88725253
 88725255
 88725257
 88725259
 88725294
 88725297
 88725424
 88725427
 88725429
 88725432
 88725438
 88728077
 88728239
 88728262
 88728265
 88728268
 88728271
 88728336
 88730518
 88730520
 88740480
 88740483
 88740576
 88740577
 88747507
 88747522
 88747554
 88747566
 88747627
 88747628
 88747751
 88747774
 88753798
 88767415
 88767537
 88767578
 88767580
 88767581
 88767614
 88767627
 88767645
 88767651
 88775421
 88775447
 88775449
 88775454
 88775456
 88775458
 88775493
 88775548
 88775552
 88775554
 88775577
 88775585
 88775587
 88775591
 88775593
 88775616
 88778600
 88778602
 88778604
 88788902
 88788905
 88788907
 88788918
 88788924
 88788926
 88789006
 88789022
 88789026
 88789028
 88789034
 88789036
 88808276
 88808278
 88808282
 88808284
 88808377
 88808393
 88808394
 88808396
 88808397
 88808439
 88808495
 88808497
 88808504
 88808506
 88808508
 88808531
 88808535
 88811584
 88811614
 88811687
 88811688
 88811791
 88813785
 88813789
 88813790
 88813835
 88813855
 88813859
 88813861
 88813884
 88813893
 88813895
 88813908
 88813910
 88813914
 88814022
 88816093
 88816097
 88816100
 88816135
 88816146
 88816148
 88816150
 88816174
 88816241
 88816242
 88816244
 88816271
 88816272
 88816273
 88816275
 88816362
 88818037
 88818039
 88818043
 88818047
 88818075
 88818089
 88818168
 88818169
 88818171
 88818173
 88818174
 88818187
 88824184
 88824290
 88826529
 88826531
 88826549
 88826551
 88826553
 88826600
 88826602
 88826641
 88826642
 88832777
 88832784
 88832799
 88832801
 88832821
 88832824
 88832833
 88832898
 88832920
 88832931
 88832932
 88832933
 88832934
 88832936
 88832968
 88832970
 88833002
 88833004
 88833147
 88833149
 88833169
 88833171
 88835282
 88835283
 88835328
 88835330
 88835389
 88835390
 88835411
 88835413
 88835417
 88835493
 88837897
 88837903
 88837905
 88837959
 88837970
 88837972
 88837982
 88838001
 88838003
 88838059
 88838064
 88838068
 88838114
 88838122
 88838124
 88838167
 88838169
 88838170
 88838233
 88838234
 88838236
 88838237
 88838238
 88838296
 88838299
 88838393
 88838394
 88838431
 88838435
 88838437
 88838456
 88838457
 88839013
 88839019
 88839022
 88839025
 88842997
